{"/Users/jonassnellinckx/Projects/TheLedger/utils/fabric-node-chaincode-utils/src/index.ts":{"path":"/Users/jonassnellinckx/Projects/TheLedger/utils/fabric-node-chaincode-utils/src/index.ts","statementMap":{"0":{"start":{"line":2,"column":0},"end":{"line":2,"column":62}},"1":{"start":{"line":3,"column":18},"end":{"line":3,"column":40}},"2":{"start":{"line":4,"column":0},"end":{"line":4,"column":42}},"3":{"start":{"line":5,"column":19},"end":{"line":5,"column":42}},"4":{"start":{"line":6,"column":0},"end":{"line":6,"column":45}},"5":{"start":{"line":7,"column":22},"end":{"line":7,"column":54}},"6":{"start":{"line":8,"column":0},"end":{"line":8,"column":46}},"7":{"start":{"line":9,"column":16},"end":{"line":9,"column":42}},"8":{"start":{"line":10,"column":0},"end":{"line":10,"column":36}},"9":{"start":{"line":11,"column":23},"end":{"line":11,"column":63}},"10":{"start":{"line":12,"column":0},"end":{"line":12,"column":57}},"11":{"start":{"line":13,"column":22},"end":{"line":13,"column":61}},"12":{"start":{"line":14,"column":0},"end":{"line":14,"column":54}}},"fnMap":{},"branchMap":{},"s":{"0":1,"1":1,"2":1,"3":1,"4":1,"5":1,"6":1,"7":1,"8":1,"9":1,"10":1,"11":1,"12":1},"f":{},"b":{},"_coverageSchema":"d34fc3e6b8297bcde183f5492bcb8fcb36775295","hash":"1617af7cd5ad72d727e2f241489915780675f481","contentHash":"1c9e9d3cb8167925e560ba9bdcdca20f_12.0.2"},"/Users/jonassnellinckx/Projects/TheLedger/utils/fabric-node-chaincode-utils/src/Chaincode.ts":{"path":"/Users/jonassnellinckx/Projects/TheLedger/utils/fabric-node-chaincode-utils/src/Chaincode.ts","statementMap":{"0":{"start":{"line":2,"column":16},"end":{"line":9,"column":1}},"1":{"start":{"line":3,"column":4},"end":{"line":8,"column":7}},"2":{"start":{"line":4,"column":36},"end":{"line":4,"column":97}},"3":{"start":{"line":4,"column":42},"end":{"line":4,"column":70}},"4":{"start":{"line":4,"column":85},"end":{"line":4,"column":95}},"5":{"start":{"line":5,"column":35},"end":{"line":5,"column":100}},"6":{"start":{"line":5,"column":41},"end":{"line":5,"column":73}},"7":{"start":{"line":5,"column":88},"end":{"line":5,"column":98}},"8":{"start":{"line":6,"column":32},"end":{"line":6,"column":149}},"9":{"start":{"line":6,"column":97},"end":{"line":6,"column":119}},"10":{"start":{"line":7,"column":8},"end":{"line":7,"column":78}},"11":{"start":{"line":10,"column":18},"end":{"line":36,"column":1}},"12":{"start":{"line":11,"column":12},"end":{"line":11,"column":104}},"13":{"start":{"line":11,"column":43},"end":{"line":11,"column":68}},"14":{"start":{"line":11,"column":57},"end":{"line":11,"column":68}},"15":{"start":{"line":11,"column":69},"end":{"line":11,"column":81}},"16":{"start":{"line":12,"column":4},"end":{"line":12,"column":157}},"17":{"start":{"line":12,"column":138},"end":{"line":12,"column":150}},"18":{"start":{"line":13,"column":23},"end":{"line":13,"column":68}},"19":{"start":{"line":13,"column":45},"end":{"line":13,"column":65}},"20":{"start":{"line":15,"column":8},"end":{"line":15,"column":70}},"21":{"start":{"line":15,"column":15},"end":{"line":15,"column":70}},"22":{"start":{"line":16,"column":8},"end":{"line":33,"column":66}},"23":{"start":{"line":16,"column":18},"end":{"line":33,"column":66}},"24":{"start":{"line":17,"column":12},"end":{"line":17,"column":169}},"25":{"start":{"line":17,"column":160},"end":{"line":17,"column":169}},"26":{"start":{"line":18,"column":12},"end":{"line":18,"column":52}},"27":{"start":{"line":18,"column":26},"end":{"line":18,"column":52}},"28":{"start":{"line":19,"column":12},"end":{"line":31,"column":13}},"29":{"start":{"line":20,"column":32},"end":{"line":20,"column":39}},"30":{"start":{"line":20,"column":40},"end":{"line":20,"column":46}},"31":{"start":{"line":21,"column":24},"end":{"line":21,"column":34}},"32":{"start":{"line":21,"column":35},"end":{"line":21,"column":72}},"33":{"start":{"line":22,"column":24},"end":{"line":22,"column":34}},"34":{"start":{"line":22,"column":35},"end":{"line":22,"column":45}},"35":{"start":{"line":22,"column":46},"end":{"line":22,"column":55}},"36":{"start":{"line":22,"column":56},"end":{"line":22,"column":65}},"37":{"start":{"line":23,"column":24},"end":{"line":23,"column":41}},"38":{"start":{"line":23,"column":42},"end":{"line":23,"column":55}},"39":{"start":{"line":23,"column":56},"end":{"line":23,"column":65}},"40":{"start":{"line":25,"column":20},"end":{"line":25,"column":128}},"41":{"start":{"line":25,"column":110},"end":{"line":25,"column":116}},"42":{"start":{"line":25,"column":117},"end":{"line":25,"column":126}},"43":{"start":{"line":26,"column":20},"end":{"line":26,"column":106}},"44":{"start":{"line":26,"column":81},"end":{"line":26,"column":97}},"45":{"start":{"line":26,"column":98},"end":{"line":26,"column":104}},"46":{"start":{"line":27,"column":20},"end":{"line":27,"column":89}},"47":{"start":{"line":27,"column":57},"end":{"line":27,"column":72}},"48":{"start":{"line":27,"column":73},"end":{"line":27,"column":80}},"49":{"start":{"line":27,"column":81},"end":{"line":27,"column":87}},"50":{"start":{"line":28,"column":20},"end":{"line":28,"column":87}},"51":{"start":{"line":28,"column":47},"end":{"line":28,"column":62}},"52":{"start":{"line":28,"column":63},"end":{"line":28,"column":78}},"53":{"start":{"line":28,"column":79},"end":{"line":28,"column":85}},"54":{"start":{"line":29,"column":20},"end":{"line":29,"column":42}},"55":{"start":{"line":29,"column":30},"end":{"line":29,"column":42}},"56":{"start":{"line":30,"column":20},"end":{"line":30,"column":33}},"57":{"start":{"line":30,"column":34},"end":{"line":30,"column":43}},"58":{"start":{"line":32,"column":12},"end":{"line":32,"column":39}},"59":{"start":{"line":33,"column":22},"end":{"line":33,"column":34}},"60":{"start":{"line":33,"column":35},"end":{"line":33,"column":41}},"61":{"start":{"line":33,"column":54},"end":{"line":33,"column":64}},"62":{"start":{"line":34,"column":8},"end":{"line":34,"column":35}},"63":{"start":{"line":34,"column":23},"end":{"line":34,"column":35}},"64":{"start":{"line":34,"column":36},"end":{"line":34,"column":89}},"65":{"start":{"line":37,"column":0},"end":{"line":37,"column":62}},"66":{"start":{"line":38,"column":11},"end":{"line":38,"column":33}},"67":{"start":{"line":39,"column":16},"end":{"line":39,"column":42}},"68":{"start":{"line":40,"column":19},"end":{"line":40,"column":42}},"69":{"start":{"line":41,"column":22},"end":{"line":41,"column":54}},"70":{"start":{"line":42,"column":23},"end":{"line":42,"column":63}},"71":{"start":{"line":43,"column":28},"end":{"line":43,"column":73}},"72":{"start":{"line":44,"column":16},"end":{"line":44,"column":42}},"73":{"start":{"line":50,"column":31},"end":{"line":170,"column":3}},"74":{"start":{"line":52,"column":8},"end":{"line":52,"column":79}},"75":{"start":{"line":54,"column":4},"end":{"line":67,"column":7}},"76":{"start":{"line":63,"column":12},"end":{"line":63,"column":41}},"77":{"start":{"line":76,"column":4},"end":{"line":91,"column":6}},"78":{"start":{"line":77,"column":8},"end":{"line":90,"column":11}},"79":{"start":{"line":79,"column":12},"end":{"line":89,"column":15}},"80":{"start":{"line":80,"column":16},"end":{"line":88,"column":17}},"81":{"start":{"line":82,"column":24},"end":{"line":82,"column":109}},"82":{"start":{"line":83,"column":24},"end":{"line":83,"column":78}},"83":{"start":{"line":84,"column":24},"end":{"line":84,"column":78}},"84":{"start":{"line":85,"column":24},"end":{"line":85,"column":62}},"85":{"start":{"line":86,"column":24},"end":{"line":86,"column":97}},"86":{"start":{"line":87,"column":28},"end":{"line":87,"column":61}},"87":{"start":{"line":101,"column":4},"end":{"line":116,"column":6}},"88":{"start":{"line":102,"column":8},"end":{"line":115,"column":11}},"89":{"start":{"line":104,"column":12},"end":{"line":114,"column":15}},"90":{"start":{"line":105,"column":16},"end":{"line":113,"column":17}},"91":{"start":{"line":107,"column":24},"end":{"line":107,"column":104}},"92":{"start":{"line":108,"column":24},"end":{"line":108,"column":78}},"93":{"start":{"line":109,"column":24},"end":{"line":109,"column":78}},"94":{"start":{"line":110,"column":24},"end":{"line":110,"column":62}},"95":{"start":{"line":111,"column":24},"end":{"line":111,"column":92}},"96":{"start":{"line":112,"column":28},"end":{"line":112,"column":61}},"97":{"start":{"line":126,"column":4},"end":{"line":168,"column":6}},"98":{"start":{"line":127,"column":8},"end":{"line":127,"column":50}},"99":{"start":{"line":127,"column":33},"end":{"line":127,"column":48}},"100":{"start":{"line":128,"column":8},"end":{"line":167,"column":11}},"101":{"start":{"line":130,"column":12},"end":{"line":166,"column":15}},"102":{"start":{"line":131,"column":16},"end":{"line":165,"column":17}},"103":{"start":{"line":133,"column":24},"end":{"line":133,"column":43}},"104":{"start":{"line":134,"column":24},"end":{"line":142,"column":25}},"105":{"start":{"line":135,"column":28},"end":{"line":141,"column":29}},"106":{"start":{"line":136,"column":32},"end":{"line":136,"column":92}},"107":{"start":{"line":137,"column":32},"end":{"line":137,"column":161}},"108":{"start":{"line":140,"column":32},"end":{"line":140,"column":70}},"109":{"start":{"line":143,"column":24},"end":{"line":143,"column":37}},"110":{"start":{"line":145,"column":24},"end":{"line":145,"column":50}},"111":{"start":{"line":146,"column":24},"end":{"line":146,"column":91}},"112":{"start":{"line":147,"column":24},"end":{"line":147,"column":107}},"113":{"start":{"line":149,"column":24},"end":{"line":149,"column":44}},"114":{"start":{"line":150,"column":24},"end":{"line":152,"column":25}},"115":{"start":{"line":151,"column":28},"end":{"line":151,"column":119}},"116":{"start":{"line":153,"column":24},"end":{"line":153,"column":89}},"117":{"start":{"line":154,"column":24},"end":{"line":154,"column":69}},"118":{"start":{"line":156,"column":24},"end":{"line":156,"column":42}},"119":{"start":{"line":157,"column":24},"end":{"line":157,"column":38}},"120":{"start":{"line":158,"column":24},"end":{"line":158,"column":49}},"121":{"start":{"line":159,"column":24},"end":{"line":161,"column":25}},"122":{"start":{"line":160,"column":28},"end":{"line":160,"column":97}},"123":{"start":{"line":162,"column":24},"end":{"line":162,"column":43}},"124":{"start":{"line":163,"column":24},"end":{"line":163,"column":92}},"125":{"start":{"line":164,"column":28},"end":{"line":164,"column":50}},"126":{"start":{"line":169,"column":4},"end":{"line":169,"column":21}},"127":{"start":{"line":171,"column":0},"end":{"line":171,"column":30}}},"fnMap":{"0":{"name":"(anonymous_0)","decl":{"start":{"line":2,"column":44},"end":{"line":2,"column":45}},"loc":{"start":{"line":2,"column":89},"end":{"line":9,"column":1}},"line":2},"1":{"name":"(anonymous_1)","decl":{"start":{"line":3,"column":36},"end":{"line":3,"column":37}},"loc":{"start":{"line":3,"column":63},"end":{"line":8,"column":5}},"line":3},"2":{"name":"fulfilled","decl":{"start":{"line":4,"column":17},"end":{"line":4,"column":26}},"loc":{"start":{"line":4,"column":34},"end":{"line":4,"column":99}},"line":4},"3":{"name":"rejected","decl":{"start":{"line":5,"column":17},"end":{"line":5,"column":25}},"loc":{"start":{"line":5,"column":33},"end":{"line":5,"column":102}},"line":5},"4":{"name":"step","decl":{"start":{"line":6,"column":17},"end":{"line":6,"column":21}},"loc":{"start":{"line":6,"column":30},"end":{"line":6,"column":151}},"line":6},"5":{"name":"(anonymous_5)","decl":{"start":{"line":6,"column":76},"end":{"line":6,"column":77}},"loc":{"start":{"line":6,"column":95},"end":{"line":6,"column":121}},"line":6},"6":{"name":"(anonymous_6)","decl":{"start":{"line":10,"column":48},"end":{"line":10,"column":49}},"loc":{"start":{"line":10,"column":73},"end":{"line":36,"column":1}},"line":10},"7":{"name":"(anonymous_7)","decl":{"start":{"line":11,"column":30},"end":{"line":11,"column":31}},"loc":{"start":{"line":11,"column":41},"end":{"line":11,"column":83}},"line":11},"8":{"name":"(anonymous_8)","decl":{"start":{"line":12,"column":125},"end":{"line":12,"column":126}},"loc":{"start":{"line":12,"column":136},"end":{"line":12,"column":152}},"line":12},"9":{"name":"verb","decl":{"start":{"line":13,"column":13},"end":{"line":13,"column":17}},"loc":{"start":{"line":13,"column":21},"end":{"line":13,"column":70}},"line":13},"10":{"name":"(anonymous_10)","decl":{"start":{"line":13,"column":30},"end":{"line":13,"column":31}},"loc":{"start":{"line":13,"column":43},"end":{"line":13,"column":67}},"line":13},"11":{"name":"step","decl":{"start":{"line":14,"column":13},"end":{"line":14,"column":17}},"loc":{"start":{"line":14,"column":22},"end":{"line":35,"column":5}},"line":14},"12":{"name":"(anonymous_12)","decl":{"start":{"line":50,"column":31},"end":{"line":50,"column":32}},"loc":{"start":{"line":50,"column":43},"end":{"line":170,"column":1}},"line":50},"13":{"name":"Chaincode","decl":{"start":{"line":51,"column":13},"end":{"line":51,"column":22}},"loc":{"start":{"line":51,"column":33},"end":{"line":53,"column":5}},"line":51},"14":{"name":"(anonymous_14)","decl":{"start":{"line":62,"column":13},"end":{"line":62,"column":14}},"loc":{"start":{"line":62,"column":25},"end":{"line":64,"column":9}},"line":62},"15":{"name":"(anonymous_15)","decl":{"start":{"line":76,"column":31},"end":{"line":76,"column":32}},"loc":{"start":{"line":76,"column":47},"end":{"line":91,"column":5}},"line":76},"16":{"name":"(anonymous_16)","decl":{"start":{"line":77,"column":48},"end":{"line":77,"column":49}},"loc":{"start":{"line":77,"column":60},"end":{"line":90,"column":9}},"line":77},"17":{"name":"(anonymous_17)","decl":{"start":{"line":79,"column":37},"end":{"line":79,"column":38}},"loc":{"start":{"line":79,"column":51},"end":{"line":89,"column":13}},"line":79},"18":{"name":"(anonymous_18)","decl":{"start":{"line":101,"column":33},"end":{"line":101,"column":34}},"loc":{"start":{"line":101,"column":49},"end":{"line":116,"column":5}},"line":101},"19":{"name":"(anonymous_19)","decl":{"start":{"line":102,"column":48},"end":{"line":102,"column":49}},"loc":{"start":{"line":102,"column":60},"end":{"line":115,"column":9}},"line":102},"20":{"name":"(anonymous_20)","decl":{"start":{"line":104,"column":37},"end":{"line":104,"column":38}},"loc":{"start":{"line":104,"column":51},"end":{"line":114,"column":13}},"line":104},"21":{"name":"(anonymous_21)","decl":{"start":{"line":126,"column":40},"end":{"line":126,"column":41}},"loc":{"start":{"line":126,"column":77},"end":{"line":168,"column":5}},"line":126},"22":{"name":"(anonymous_22)","decl":{"start":{"line":128,"column":47},"end":{"line":128,"column":48}},"loc":{"start":{"line":128,"column":59},"end":{"line":167,"column":9}},"line":128},"23":{"name":"(anonymous_23)","decl":{"start":{"line":130,"column":37},"end":{"line":130,"column":38}},"loc":{"start":{"line":130,"column":51},"end":{"line":166,"column":13}},"line":130}},"branchMap":{"0":{"loc":{"start":{"line":2,"column":16},"end":{"line":9,"column":1}},"type":"binary-expr","locations":[{"start":{"line":2,"column":17},"end":{"line":2,"column":21}},{"start":{"line":2,"column":25},"end":{"line":2,"column":39}},{"start":{"line":2,"column":44},"end":{"line":9,"column":1}}],"line":2},"1":{"loc":{"start":{"line":3,"column":16},"end":{"line":3,"column":34}},"type":"binary-expr","locations":[{"start":{"line":3,"column":16},"end":{"line":3,"column":17}},{"start":{"line":3,"column":22},"end":{"line":3,"column":33}}],"line":3},"2":{"loc":{"start":{"line":6,"column":32},"end":{"line":6,"column":148}},"type":"cond-expr","locations":[{"start":{"line":6,"column":46},"end":{"line":6,"column":67}},{"start":{"line":6,"column":70},"end":{"line":6,"column":148}}],"line":6},"3":{"loc":{"start":{"line":7,"column":51},"end":{"line":7,"column":67}},"type":"binary-expr","locations":[{"start":{"line":7,"column":51},"end":{"line":7,"column":61}},{"start":{"line":7,"column":65},"end":{"line":7,"column":67}}],"line":7},"4":{"loc":{"start":{"line":10,"column":18},"end":{"line":36,"column":1}},"type":"binary-expr","locations":[{"start":{"line":10,"column":19},"end":{"line":10,"column":23}},{"start":{"line":10,"column":27},"end":{"line":10,"column":43}},{"start":{"line":10,"column":48},"end":{"line":36,"column":1}}],"line":10},"5":{"loc":{"start":{"line":11,"column":43},"end":{"line":11,"column":68}},"type":"if","locations":[{"start":{"line":11,"column":43},"end":{"line":11,"column":68}},{"start":{"line":11,"column":43},"end":{"line":11,"column":68}}],"line":11},"6":{"loc":{"start":{"line":12,"column":71},"end":{"line":12,"column":153}},"type":"binary-expr","locations":[{"start":{"line":12,"column":71},"end":{"line":12,"column":99}},{"start":{"line":12,"column":104},"end":{"line":12,"column":152}}],"line":12},"7":{"loc":{"start":{"line":15,"column":8},"end":{"line":15,"column":70}},"type":"if","locations":[{"start":{"line":15,"column":8},"end":{"line":15,"column":70}},{"start":{"line":15,"column":8},"end":{"line":15,"column":70}}],"line":15},"8":{"loc":{"start":{"line":17,"column":12},"end":{"line":17,"column":169}},"type":"if","locations":[{"start":{"line":17,"column":12},"end":{"line":17,"column":169}},{"start":{"line":17,"column":12},"end":{"line":17,"column":169}}],"line":17},"9":{"loc":{"start":{"line":17,"column":23},"end":{"line":17,"column":158}},"type":"binary-expr","locations":[{"start":{"line":17,"column":23},"end":{"line":17,"column":24}},{"start":{"line":17,"column":29},"end":{"line":17,"column":125}},{"start":{"line":17,"column":130},"end":{"line":17,"column":158}}],"line":17},"10":{"loc":{"start":{"line":17,"column":33},"end":{"line":17,"column":125}},"type":"cond-expr","locations":[{"start":{"line":17,"column":45},"end":{"line":17,"column":56}},{"start":{"line":17,"column":59},"end":{"line":17,"column":125}}],"line":17},"11":{"loc":{"start":{"line":17,"column":59},"end":{"line":17,"column":125}},"type":"cond-expr","locations":[{"start":{"line":17,"column":67},"end":{"line":17,"column":116}},{"start":{"line":17,"column":119},"end":{"line":17,"column":125}}],"line":17},"12":{"loc":{"start":{"line":17,"column":67},"end":{"line":17,"column":116}},"type":"binary-expr","locations":[{"start":{"line":17,"column":67},"end":{"line":17,"column":77}},{"start":{"line":17,"column":82},"end":{"line":17,"column":115}}],"line":17},"13":{"loc":{"start":{"line":17,"column":82},"end":{"line":17,"column":112}},"type":"binary-expr","locations":[{"start":{"line":17,"column":83},"end":{"line":17,"column":98}},{"start":{"line":17,"column":103},"end":{"line":17,"column":112}}],"line":17},"14":{"loc":{"start":{"line":18,"column":12},"end":{"line":18,"column":52}},"type":"if","locations":[{"start":{"line":18,"column":12},"end":{"line":18,"column":52}},{"start":{"line":18,"column":12},"end":{"line":18,"column":52}}],"line":18},"15":{"loc":{"start":{"line":19,"column":12},"end":{"line":31,"column":13}},"type":"switch","locations":[{"start":{"line":20,"column":16},"end":{"line":20,"column":23}},{"start":{"line":20,"column":24},"end":{"line":20,"column":46}},{"start":{"line":21,"column":16},"end":{"line":21,"column":72}},{"start":{"line":22,"column":16},"end":{"line":22,"column":65}},{"start":{"line":23,"column":16},"end":{"line":23,"column":65}},{"start":{"line":24,"column":16},"end":{"line":30,"column":43}}],"line":19},"16":{"loc":{"start":{"line":25,"column":20},"end":{"line":25,"column":128}},"type":"if","locations":[{"start":{"line":25,"column":20},"end":{"line":25,"column":128}},{"start":{"line":25,"column":20},"end":{"line":25,"column":128}}],"line":25},"17":{"loc":{"start":{"line":25,"column":24},"end":{"line":25,"column":106}},"type":"binary-expr","locations":[{"start":{"line":25,"column":24},"end":{"line":25,"column":74}},{"start":{"line":25,"column":79},"end":{"line":25,"column":90}},{"start":{"line":25,"column":94},"end":{"line":25,"column":105}}],"line":25},"18":{"loc":{"start":{"line":25,"column":42},"end":{"line":25,"column":73}},"type":"binary-expr","locations":[{"start":{"line":25,"column":42},"end":{"line":25,"column":54}},{"start":{"line":25,"column":58},"end":{"line":25,"column":73}}],"line":25},"19":{"loc":{"start":{"line":26,"column":20},"end":{"line":26,"column":106}},"type":"if","locations":[{"start":{"line":26,"column":20},"end":{"line":26,"column":106}},{"start":{"line":26,"column":20},"end":{"line":26,"column":106}}],"line":26},"20":{"loc":{"start":{"line":26,"column":24},"end":{"line":26,"column":77}},"type":"binary-expr","locations":[{"start":{"line":26,"column":24},"end":{"line":26,"column":35}},{"start":{"line":26,"column":40},"end":{"line":26,"column":42}},{"start":{"line":26,"column":47},"end":{"line":26,"column":59}},{"start":{"line":26,"column":63},"end":{"line":26,"column":75}}],"line":26},"21":{"loc":{"start":{"line":27,"column":20},"end":{"line":27,"column":89}},"type":"if","locations":[{"start":{"line":27,"column":20},"end":{"line":27,"column":89}},{"start":{"line":27,"column":20},"end":{"line":27,"column":89}}],"line":27},"22":{"loc":{"start":{"line":27,"column":24},"end":{"line":27,"column":53}},"type":"binary-expr","locations":[{"start":{"line":27,"column":24},"end":{"line":27,"column":35}},{"start":{"line":27,"column":39},"end":{"line":27,"column":53}}],"line":27},"23":{"loc":{"start":{"line":28,"column":20},"end":{"line":28,"column":87}},"type":"if","locations":[{"start":{"line":28,"column":20},"end":{"line":28,"column":87}},{"start":{"line":28,"column":20},"end":{"line":28,"column":87}}],"line":28},"24":{"loc":{"start":{"line":28,"column":24},"end":{"line":28,"column":43}},"type":"binary-expr","locations":[{"start":{"line":28,"column":24},"end":{"line":28,"column":25}},{"start":{"line":28,"column":29},"end":{"line":28,"column":43}}],"line":28},"25":{"loc":{"start":{"line":29,"column":20},"end":{"line":29,"column":42}},"type":"if","locations":[{"start":{"line":29,"column":20},"end":{"line":29,"column":42}},{"start":{"line":29,"column":20},"end":{"line":29,"column":42}}],"line":29},"26":{"loc":{"start":{"line":34,"column":8},"end":{"line":34,"column":35}},"type":"if","locations":[{"start":{"line":34,"column":8},"end":{"line":34,"column":35}},{"start":{"line":34,"column":8},"end":{"line":34,"column":35}}],"line":34},"27":{"loc":{"start":{"line":34,"column":52},"end":{"line":34,"column":74}},"type":"cond-expr","locations":[{"start":{"line":34,"column":60},"end":{"line":34,"column":65}},{"start":{"line":34,"column":68},"end":{"line":34,"column":74}}],"line":34},"28":{"loc":{"start":{"line":80,"column":16},"end":{"line":88,"column":17}},"type":"switch","locations":[{"start":{"line":81,"column":20},"end":{"line":86,"column":97}},{"start":{"line":87,"column":20},"end":{"line":87,"column":61}}],"line":80},"29":{"loc":{"start":{"line":105,"column":16},"end":{"line":113,"column":17}},"type":"switch","locations":[{"start":{"line":106,"column":20},"end":{"line":111,"column":92}},{"start":{"line":112,"column":20},"end":{"line":112,"column":61}}],"line":105},"30":{"loc":{"start":{"line":127,"column":8},"end":{"line":127,"column":50}},"type":"if","locations":[{"start":{"line":127,"column":8},"end":{"line":127,"column":50}},{"start":{"line":127,"column":8},"end":{"line":127,"column":50}}],"line":127},"31":{"loc":{"start":{"line":131,"column":16},"end":{"line":165,"column":17}},"type":"switch","locations":[{"start":{"line":132,"column":20},"end":{"line":143,"column":37}},{"start":{"line":144,"column":20},"end":{"line":147,"column":107}},{"start":{"line":148,"column":20},"end":{"line":154,"column":69}},{"start":{"line":155,"column":20},"end":{"line":163,"column":92}},{"start":{"line":164,"column":20},"end":{"line":164,"column":50}}],"line":131},"32":{"loc":{"start":{"line":134,"column":24},"end":{"line":142,"column":25}},"type":"if","locations":[{"start":{"line":134,"column":24},"end":{"line":142,"column":25}},{"start":{"line":134,"column":24},"end":{"line":142,"column":25}}],"line":134},"33":{"loc":{"start":{"line":135,"column":28},"end":{"line":141,"column":29}},"type":"if","locations":[{"start":{"line":135,"column":28},"end":{"line":141,"column":29}},{"start":{"line":135,"column":28},"end":{"line":141,"column":29}}],"line":135},"34":{"loc":{"start":{"line":150,"column":24},"end":{"line":152,"column":25}},"type":"if","locations":[{"start":{"line":150,"column":24},"end":{"line":152,"column":25}},{"start":{"line":150,"column":24},"end":{"line":152,"column":25}}],"line":150},"35":{"loc":{"start":{"line":150,"column":28},"end":{"line":150,"column":100}},"type":"binary-expr","locations":[{"start":{"line":150,"column":29},"end":{"line":150,"column":50}},{"start":{"line":150,"column":54},"end":{"line":150,"column":70}},{"start":{"line":150,"column":75},"end":{"line":150,"column":100}}],"line":150},"36":{"loc":{"start":{"line":159,"column":24},"end":{"line":161,"column":25}},"type":"if","locations":[{"start":{"line":159,"column":24},"end":{"line":161,"column":25}},{"start":{"line":159,"column":24},"end":{"line":161,"column":25}}],"line":159}},"s":{"0":1,"1":28,"2":28,"3":28,"4":0,"5":0,"6":0,"7":0,"8":56,"9":28,"10":28,"11":1,"12":28,"13":28,"14":0,"15":28,"16":28,"17":0,"18":84,"19":56,"20":56,"21":0,"22":56,"23":126,"24":126,"25":0,"26":126,"27":0,"28":126,"29":56,"30":56,"31":28,"32":28,"33":0,"34":0,"35":0,"36":0,"37":0,"38":0,"39":0,"40":42,"41":28,"42":28,"43":14,"44":0,"45":0,"46":14,"47":0,"48":0,"49":0,"50":14,"51":0,"52":0,"53":0,"54":14,"55":0,"56":14,"57":14,"58":56,"59":0,"60":0,"61":126,"62":28,"63":0,"64":28,"65":1,"66":1,"67":1,"68":1,"69":1,"70":1,"71":1,"72":1,"73":1,"74":2,"75":1,"76":16,"77":1,"78":2,"79":2,"80":4,"81":2,"82":2,"83":2,"84":2,"85":2,"86":2,"87":1,"88":12,"89":12,"90":24,"91":12,"92":12,"93":12,"94":12,"95":12,"96":12,"97":1,"98":14,"99":12,"100":14,"101":14,"102":28,"103":14,"104":14,"105":0,"106":0,"107":0,"108":0,"109":14,"110":14,"111":14,"112":14,"113":14,"114":14,"115":9,"116":14,"117":14,"118":0,"119":0,"120":0,"121":0,"122":0,"123":0,"124":0,"125":0,"126":1,"127":1},"f":{"0":28,"1":28,"2":28,"3":0,"4":56,"5":28,"6":28,"7":28,"8":0,"9":84,"10":56,"11":56,"12":1,"13":2,"14":16,"15":2,"16":2,"17":4,"18":12,"19":12,"20":24,"21":14,"22":14,"23":28},"b":{"0":[1,1,1],"1":[28,14],"2":[28,28],"3":[28,28],"4":[1,1,1],"5":[0,28],"6":[28,28],"7":[0,56],"8":[0,126],"9":[126,0,0],"10":[0,0],"11":[0,0],"12":[0,0],"13":[0,0],"14":[0,126],"15":[56,56,28,0,0,42],"16":[28,14],"17":[42,28,28],"18":[42,14],"19":[0,14],"20":[14,0,0,0],"21":[0,14],"22":[14,0],"23":[0,14],"24":[14,14],"25":[0,14],"26":[0,28],"27":[28,0],"28":[2,2],"29":[12,12],"30":[12,2],"31":[14,14,14,0,0],"32":[0,14],"33":[0,0],"34":[9,5],"35":[14,10,9],"36":[0,0]},"_coverageSchema":"d34fc3e6b8297bcde183f5492bcb8fcb36775295","hash":"f439ad88b253259d3a982c6b49d8d9256b87c105","contentHash":"430a2bd0b0172e3f47bf6897a333a49d_12.0.2"},"/Users/jonassnellinckx/Projects/TheLedger/utils/fabric-node-chaincode-utils/src/utils/helpers.ts":{"path":"/Users/jonassnellinckx/Projects/TheLedger/utils/fabric-node-chaincode-utils/src/utils/helpers.ts","statementMap":{"0":{"start":{"line":2,"column":0},"end":{"line":2,"column":62}},"1":{"start":{"line":3,"column":16},"end":{"line":3,"column":34}},"2":{"start":{"line":4,"column":30},"end":{"line":4,"column":71}},"3":{"start":{"line":5,"column":23},"end":{"line":5,"column":57}},"4":{"start":{"line":9,"column":29},"end":{"line":60,"column":3}},"5":{"start":{"line":21,"column":4},"end":{"line":33,"column":6}},"6":{"start":{"line":22,"column":8},"end":{"line":32,"column":11}},"7":{"start":{"line":47,"column":4},"end":{"line":58,"column":6}},"8":{"start":{"line":48,"column":8},"end":{"line":50,"column":9}},"9":{"start":{"line":49,"column":12},"end":{"line":49,"column":119}},"10":{"start":{"line":51,"column":8},"end":{"line":57,"column":11}},"11":{"start":{"line":53,"column":12},"end":{"line":53,"column":35}},"12":{"start":{"line":56,"column":12},"end":{"line":56,"column":75}},"13":{"start":{"line":59,"column":4},"end":{"line":59,"column":19}},"14":{"start":{"line":61,"column":0},"end":{"line":61,"column":26}}},"fnMap":{"0":{"name":"(anonymous_0)","decl":{"start":{"line":9,"column":29},"end":{"line":9,"column":30}},"loc":{"start":{"line":9,"column":41},"end":{"line":60,"column":1}},"line":9},"1":{"name":"Helpers","decl":{"start":{"line":10,"column":13},"end":{"line":10,"column":20}},"loc":{"start":{"line":10,"column":23},"end":{"line":11,"column":5}},"line":10},"2":{"name":"(anonymous_2)","decl":{"start":{"line":21,"column":32},"end":{"line":21,"column":33}},"loc":{"start":{"line":21,"column":55},"end":{"line":33,"column":5}},"line":21},"3":{"name":"(anonymous_3)","decl":{"start":{"line":47,"column":24},"end":{"line":47,"column":25}},"loc":{"start":{"line":47,"column":53},"end":{"line":58,"column":5}},"line":47},"4":{"name":"(anonymous_4)","decl":{"start":{"line":52,"column":18},"end":{"line":52,"column":19}},"loc":{"start":{"line":52,"column":45},"end":{"line":54,"column":9}},"line":52},"5":{"name":"(anonymous_5)","decl":{"start":{"line":55,"column":19},"end":{"line":55,"column":20}},"loc":{"start":{"line":55,"column":36},"end":{"line":57,"column":9}},"line":55}},"branchMap":{"0":{"loc":{"start":{"line":24,"column":27},"end":{"line":24,"column":43}},"type":"binary-expr","locations":[{"start":{"line":24,"column":27},"end":{"line":24,"column":32}},{"start":{"line":24,"column":36},"end":{"line":24,"column":43}}],"line":24},"1":{"loc":{"start":{"line":48,"column":8},"end":{"line":50,"column":9}},"type":"if","locations":[{"start":{"line":48,"column":8},"end":{"line":50,"column":9}},{"start":{"line":48,"column":8},"end":{"line":50,"column":9}}],"line":48},"2":{"loc":{"start":{"line":48,"column":12},"end":{"line":48,"column":33}},"type":"binary-expr","locations":[{"start":{"line":48,"column":12},"end":{"line":48,"column":19}},{"start":{"line":48,"column":23},"end":{"line":48,"column":33}}],"line":48}},"s":{"0":1,"1":1,"2":1,"3":1,"4":1,"5":1,"6":35,"7":1,"8":6,"9":0,"10":6,"11":6,"12":0,"13":1,"14":1},"f":{"0":1,"1":0,"2":35,"3":6,"4":6,"5":0},"b":{"0":[35,34],"1":[0,6],"2":[6,6]},"_coverageSchema":"d34fc3e6b8297bcde183f5492bcb8fcb36775295","hash":"611c50c2977f37cb13ff117192d9b13eca68cab6","contentHash":"e98d938471486b4b66bd322e8fa6d054_12.0.2"},"/Users/jonassnellinckx/Projects/TheLedger/utils/fabric-node-chaincode-utils/src/utils/errors/ObjectValidationError.ts":{"path":"/Users/jonassnellinckx/Projects/TheLedger/utils/fabric-node-chaincode-utils/src/utils/errors/ObjectValidationError.ts","statementMap":{"0":{"start":{"line":2,"column":16},"end":{"line":11,"column":4}},"1":{"start":{"line":3,"column":24},"end":{"line":5,"column":82}},"2":{"start":{"line":4,"column":65},"end":{"line":4,"column":81}},"3":{"start":{"line":5,"column":26},"end":{"line":5,"column":80}},"4":{"start":{"line":5,"column":43},"end":{"line":5,"column":80}},"5":{"start":{"line":5,"column":68},"end":{"line":5,"column":80}},"6":{"start":{"line":6,"column":4},"end":{"line":10,"column":6}},"7":{"start":{"line":7,"column":8},"end":{"line":7,"column":28}},"8":{"start":{"line":8,"column":24},"end":{"line":8,"column":45}},"9":{"start":{"line":9,"column":8},"end":{"line":9,"column":93}},"10":{"start":{"line":12,"column":0},"end":{"line":12,"column":62}},"11":{"start":{"line":13,"column":23},"end":{"line":13,"column":50}},"12":{"start":{"line":17,"column":43},"end":{"line":32,"column":34}},"13":{"start":{"line":18,"column":4},"end":{"line":18,"column":45}},"14":{"start":{"line":22,"column":8},"end":{"line":22,"column":53}},"15":{"start":{"line":23,"column":8},"end":{"line":23,"column":36}},"16":{"start":{"line":24,"column":8},"end":{"line":24,"column":36}},"17":{"start":{"line":25,"column":8},"end":{"line":25,"column":32}},"18":{"start":{"line":26,"column":8},"end":{"line":26,"column":34}},"19":{"start":{"line":27,"column":8},"end":{"line":27,"column":34}},"20":{"start":{"line":28,"column":8},"end":{"line":28,"column":32}},"21":{"start":{"line":29,"column":8},"end":{"line":29,"column":21}},"22":{"start":{"line":31,"column":4},"end":{"line":31,"column":33}},"23":{"start":{"line":33,"column":0},"end":{"line":33,"column":54}}},"fnMap":{"0":{"name":"(anonymous_0)","decl":{"start":{"line":2,"column":45},"end":{"line":2,"column":46}},"loc":{"start":{"line":2,"column":57},"end":{"line":11,"column":1}},"line":2},"1":{"name":"(anonymous_1)","decl":{"start":{"line":4,"column":47},"end":{"line":4,"column":48}},"loc":{"start":{"line":4,"column":63},"end":{"line":4,"column":83}},"line":4},"2":{"name":"(anonymous_2)","decl":{"start":{"line":5,"column":8},"end":{"line":5,"column":9}},"loc":{"start":{"line":5,"column":24},"end":{"line":5,"column":82}},"line":5},"3":{"name":"(anonymous_3)","decl":{"start":{"line":6,"column":11},"end":{"line":6,"column":12}},"loc":{"start":{"line":6,"column":27},"end":{"line":10,"column":5}},"line":6},"4":{"name":"__","decl":{"start":{"line":8,"column":17},"end":{"line":8,"column":19}},"loc":{"start":{"line":8,"column":22},"end":{"line":8,"column":47}},"line":8},"5":{"name":"(anonymous_5)","decl":{"start":{"line":17,"column":43},"end":{"line":17,"column":44}},"loc":{"start":{"line":17,"column":61},"end":{"line":32,"column":1}},"line":17},"6":{"name":"ObjectValidationError","decl":{"start":{"line":19,"column":13},"end":{"line":19,"column":34}},"loc":{"start":{"line":19,"column":42},"end":{"line":30,"column":5}},"line":19}},"branchMap":{"0":{"loc":{"start":{"line":2,"column":16},"end":{"line":11,"column":4}},"type":"binary-expr","locations":[{"start":{"line":2,"column":17},"end":{"line":2,"column":21}},{"start":{"line":2,"column":25},"end":{"line":2,"column":39}},{"start":{"line":2,"column":44},"end":{"line":11,"column":4}}],"line":2},"1":{"loc":{"start":{"line":3,"column":24},"end":{"line":5,"column":82}},"type":"binary-expr","locations":[{"start":{"line":3,"column":24},"end":{"line":3,"column":45}},{"start":{"line":4,"column":9},"end":{"line":4,"column":43}},{"start":{"line":4,"column":47},"end":{"line":4,"column":83}},{"start":{"line":5,"column":8},"end":{"line":5,"column":82}}],"line":3},"2":{"loc":{"start":{"line":5,"column":43},"end":{"line":5,"column":80}},"type":"if","locations":[{"start":{"line":5,"column":43},"end":{"line":5,"column":80}},{"start":{"line":5,"column":43},"end":{"line":5,"column":80}}],"line":5},"3":{"loc":{"start":{"line":9,"column":22},"end":{"line":9,"column":92}},"type":"cond-expr","locations":[{"start":{"line":9,"column":35},"end":{"line":9,"column":51}},{"start":{"line":9,"column":55},"end":{"line":9,"column":91}}],"line":9},"4":{"loc":{"start":{"line":22,"column":8},"end":{"line":22,"column":53}},"type":"binary-expr","locations":[{"start":{"line":22,"column":8},"end":{"line":22,"column":45}},{"start":{"line":22,"column":49},"end":{"line":22,"column":53}}],"line":22}},"s":{"0":1,"1":1,"2":0,"3":0,"4":0,"5":0,"6":1,"7":1,"8":1,"9":1,"10":1,"11":1,"12":1,"13":1,"14":0,"15":0,"16":0,"17":0,"18":0,"19":0,"20":0,"21":0,"22":1,"23":1},"f":{"0":1,"1":0,"2":0,"3":1,"4":1,"5":1,"6":0},"b":{"0":[1,1,1],"1":[1,0,0,0],"2":[0,0],"3":[0,1],"4":[0,0]},"_coverageSchema":"d34fc3e6b8297bcde183f5492bcb8fcb36775295","hash":"b0bca9bdc56f5fe2eb31e25de75324ffd3a6987a","contentHash":"32c52933166e6f2fdcd215e2bf2f789e_12.0.2"},"/Users/jonassnellinckx/Projects/TheLedger/utils/fabric-node-chaincode-utils/src/utils/errors/ChaincodeError.ts":{"path":"/Users/jonassnellinckx/Projects/TheLedger/utils/fabric-node-chaincode-utils/src/utils/errors/ChaincodeError.ts","statementMap":{"0":{"start":{"line":2,"column":16},"end":{"line":11,"column":4}},"1":{"start":{"line":3,"column":24},"end":{"line":5,"column":82}},"2":{"start":{"line":4,"column":65},"end":{"line":4,"column":81}},"3":{"start":{"line":5,"column":26},"end":{"line":5,"column":80}},"4":{"start":{"line":5,"column":43},"end":{"line":5,"column":80}},"5":{"start":{"line":5,"column":68},"end":{"line":5,"column":80}},"6":{"start":{"line":6,"column":4},"end":{"line":10,"column":6}},"7":{"start":{"line":7,"column":8},"end":{"line":7,"column":28}},"8":{"start":{"line":8,"column":24},"end":{"line":8,"column":45}},"9":{"start":{"line":9,"column":8},"end":{"line":9,"column":93}},"10":{"start":{"line":12,"column":0},"end":{"line":12,"column":62}},"11":{"start":{"line":16,"column":36},"end":{"line":33,"column":8}},"12":{"start":{"line":17,"column":4},"end":{"line":17,"column":38}},"13":{"start":{"line":21,"column":8},"end":{"line":21,"column":42}},"14":{"start":{"line":23,"column":8},"end":{"line":23,"column":44}},"15":{"start":{"line":25,"column":8},"end":{"line":25,"column":58}},"16":{"start":{"line":29,"column":8},"end":{"line":29,"column":37}},"17":{"start":{"line":30,"column":8},"end":{"line":30,"column":21}},"18":{"start":{"line":32,"column":4},"end":{"line":32,"column":26}},"19":{"start":{"line":34,"column":0},"end":{"line":34,"column":40}}},"fnMap":{"0":{"name":"(anonymous_0)","decl":{"start":{"line":2,"column":45},"end":{"line":2,"column":46}},"loc":{"start":{"line":2,"column":57},"end":{"line":11,"column":1}},"line":2},"1":{"name":"(anonymous_1)","decl":{"start":{"line":4,"column":47},"end":{"line":4,"column":48}},"loc":{"start":{"line":4,"column":63},"end":{"line":4,"column":83}},"line":4},"2":{"name":"(anonymous_2)","decl":{"start":{"line":5,"column":8},"end":{"line":5,"column":9}},"loc":{"start":{"line":5,"column":24},"end":{"line":5,"column":82}},"line":5},"3":{"name":"(anonymous_3)","decl":{"start":{"line":6,"column":11},"end":{"line":6,"column":12}},"loc":{"start":{"line":6,"column":27},"end":{"line":10,"column":5}},"line":6},"4":{"name":"__","decl":{"start":{"line":8,"column":17},"end":{"line":8,"column":19}},"loc":{"start":{"line":8,"column":22},"end":{"line":8,"column":47}},"line":8},"5":{"name":"(anonymous_5)","decl":{"start":{"line":16,"column":36},"end":{"line":16,"column":37}},"loc":{"start":{"line":16,"column":54},"end":{"line":33,"column":1}},"line":16},"6":{"name":"ChaincodeError","decl":{"start":{"line":18,"column":13},"end":{"line":18,"column":27}},"loc":{"start":{"line":18,"column":45},"end":{"line":31,"column":5}},"line":18}},"branchMap":{"0":{"loc":{"start":{"line":2,"column":16},"end":{"line":11,"column":4}},"type":"binary-expr","locations":[{"start":{"line":2,"column":17},"end":{"line":2,"column":21}},{"start":{"line":2,"column":25},"end":{"line":2,"column":39}},{"start":{"line":2,"column":44},"end":{"line":11,"column":4}}],"line":2},"1":{"loc":{"start":{"line":3,"column":24},"end":{"line":5,"column":82}},"type":"binary-expr","locations":[{"start":{"line":3,"column":24},"end":{"line":3,"column":45}},{"start":{"line":4,"column":9},"end":{"line":4,"column":43}},{"start":{"line":4,"column":47},"end":{"line":4,"column":83}},{"start":{"line":5,"column":8},"end":{"line":5,"column":82}}],"line":3},"2":{"loc":{"start":{"line":5,"column":43},"end":{"line":5,"column":80}},"type":"if","locations":[{"start":{"line":5,"column":43},"end":{"line":5,"column":80}},{"start":{"line":5,"column":43},"end":{"line":5,"column":80}}],"line":5},"3":{"loc":{"start":{"line":9,"column":22},"end":{"line":9,"column":92}},"type":"cond-expr","locations":[{"start":{"line":9,"column":35},"end":{"line":9,"column":51}},{"start":{"line":9,"column":55},"end":{"line":9,"column":91}}],"line":9},"4":{"loc":{"start":{"line":21,"column":8},"end":{"line":21,"column":42}},"type":"binary-expr","locations":[{"start":{"line":21,"column":8},"end":{"line":21,"column":34}},{"start":{"line":21,"column":38},"end":{"line":21,"column":42}}],"line":21},"5":{"loc":{"start":{"line":29,"column":23},"end":{"line":29,"column":36}},"type":"binary-expr","locations":[{"start":{"line":29,"column":23},"end":{"line":29,"column":29}},{"start":{"line":29,"column":33},"end":{"line":29,"column":36}}],"line":29}},"s":{"0":1,"1":1,"2":0,"3":0,"4":0,"5":0,"6":1,"7":1,"8":1,"9":1,"10":1,"11":1,"12":1,"13":0,"14":0,"15":0,"16":0,"17":0,"18":1,"19":1},"f":{"0":1,"1":0,"2":0,"3":1,"4":1,"5":1,"6":0},"b":{"0":[1,1,1],"1":[1,0,0,0],"2":[0,0],"3":[0,1],"4":[0,0],"5":[0,0]},"_coverageSchema":"d34fc3e6b8297bcde183f5492bcb8fcb36775295","hash":"df4913b4d8add9fa432a6e69297afe12d3b6d63f","contentHash":"618ff1ecbeebce728d44747c56fa127d_12.0.2"},"/Users/jonassnellinckx/Projects/TheLedger/utils/fabric-node-chaincode-utils/src/StubHelper.ts":{"path":"/Users/jonassnellinckx/Projects/TheLedger/utils/fabric-node-chaincode-utils/src/StubHelper.ts","statementMap":{"0":{"start":{"line":2,"column":15},"end":{"line":9,"column":1}},"1":{"start":{"line":3,"column":4},"end":{"line":7,"column":5}},"2":{"start":{"line":4,"column":8},"end":{"line":4,"column":25}},"3":{"start":{"line":5,"column":8},"end":{"line":6,"column":24}},"4":{"start":{"line":5,"column":25},"end":{"line":6,"column":24}},"5":{"start":{"line":6,"column":12},"end":{"line":6,"column":24}},"6":{"start":{"line":8,"column":4},"end":{"line":8,"column":13}},"7":{"start":{"line":10,"column":16},"end":{"line":17,"column":1}},"8":{"start":{"line":11,"column":4},"end":{"line":16,"column":7}},"9":{"start":{"line":12,"column":36},"end":{"line":12,"column":97}},"10":{"start":{"line":12,"column":42},"end":{"line":12,"column":70}},"11":{"start":{"line":12,"column":85},"end":{"line":12,"column":95}},"12":{"start":{"line":13,"column":35},"end":{"line":13,"column":100}},"13":{"start":{"line":13,"column":41},"end":{"line":13,"column":73}},"14":{"start":{"line":13,"column":88},"end":{"line":13,"column":98}},"15":{"start":{"line":14,"column":32},"end":{"line":14,"column":149}},"16":{"start":{"line":14,"column":97},"end":{"line":14,"column":119}},"17":{"start":{"line":15,"column":8},"end":{"line":15,"column":78}},"18":{"start":{"line":18,"column":18},"end":{"line":44,"column":1}},"19":{"start":{"line":19,"column":12},"end":{"line":19,"column":104}},"20":{"start":{"line":19,"column":43},"end":{"line":19,"column":68}},"21":{"start":{"line":19,"column":57},"end":{"line":19,"column":68}},"22":{"start":{"line":19,"column":69},"end":{"line":19,"column":81}},"23":{"start":{"line":20,"column":4},"end":{"line":20,"column":157}},"24":{"start":{"line":20,"column":138},"end":{"line":20,"column":150}},"25":{"start":{"line":21,"column":23},"end":{"line":21,"column":68}},"26":{"start":{"line":21,"column":45},"end":{"line":21,"column":65}},"27":{"start":{"line":23,"column":8},"end":{"line":23,"column":70}},"28":{"start":{"line":23,"column":15},"end":{"line":23,"column":70}},"29":{"start":{"line":24,"column":8},"end":{"line":41,"column":66}},"30":{"start":{"line":24,"column":18},"end":{"line":41,"column":66}},"31":{"start":{"line":25,"column":12},"end":{"line":25,"column":169}},"32":{"start":{"line":25,"column":160},"end":{"line":25,"column":169}},"33":{"start":{"line":26,"column":12},"end":{"line":26,"column":52}},"34":{"start":{"line":26,"column":26},"end":{"line":26,"column":52}},"35":{"start":{"line":27,"column":12},"end":{"line":39,"column":13}},"36":{"start":{"line":28,"column":32},"end":{"line":28,"column":39}},"37":{"start":{"line":28,"column":40},"end":{"line":28,"column":46}},"38":{"start":{"line":29,"column":24},"end":{"line":29,"column":34}},"39":{"start":{"line":29,"column":35},"end":{"line":29,"column":72}},"40":{"start":{"line":30,"column":24},"end":{"line":30,"column":34}},"41":{"start":{"line":30,"column":35},"end":{"line":30,"column":45}},"42":{"start":{"line":30,"column":46},"end":{"line":30,"column":55}},"43":{"start":{"line":30,"column":56},"end":{"line":30,"column":65}},"44":{"start":{"line":31,"column":24},"end":{"line":31,"column":41}},"45":{"start":{"line":31,"column":42},"end":{"line":31,"column":55}},"46":{"start":{"line":31,"column":56},"end":{"line":31,"column":65}},"47":{"start":{"line":33,"column":20},"end":{"line":33,"column":128}},"48":{"start":{"line":33,"column":110},"end":{"line":33,"column":116}},"49":{"start":{"line":33,"column":117},"end":{"line":33,"column":126}},"50":{"start":{"line":34,"column":20},"end":{"line":34,"column":106}},"51":{"start":{"line":34,"column":81},"end":{"line":34,"column":97}},"52":{"start":{"line":34,"column":98},"end":{"line":34,"column":104}},"53":{"start":{"line":35,"column":20},"end":{"line":35,"column":89}},"54":{"start":{"line":35,"column":57},"end":{"line":35,"column":72}},"55":{"start":{"line":35,"column":73},"end":{"line":35,"column":80}},"56":{"start":{"line":35,"column":81},"end":{"line":35,"column":87}},"57":{"start":{"line":36,"column":20},"end":{"line":36,"column":87}},"58":{"start":{"line":36,"column":47},"end":{"line":36,"column":62}},"59":{"start":{"line":36,"column":63},"end":{"line":36,"column":78}},"60":{"start":{"line":36,"column":79},"end":{"line":36,"column":85}},"61":{"start":{"line":37,"column":20},"end":{"line":37,"column":42}},"62":{"start":{"line":37,"column":30},"end":{"line":37,"column":42}},"63":{"start":{"line":38,"column":20},"end":{"line":38,"column":33}},"64":{"start":{"line":38,"column":34},"end":{"line":38,"column":43}},"65":{"start":{"line":40,"column":12},"end":{"line":40,"column":39}},"66":{"start":{"line":41,"column":22},"end":{"line":41,"column":34}},"67":{"start":{"line":41,"column":35},"end":{"line":41,"column":41}},"68":{"start":{"line":41,"column":54},"end":{"line":41,"column":64}},"69":{"start":{"line":42,"column":8},"end":{"line":42,"column":35}},"70":{"start":{"line":42,"column":23},"end":{"line":42,"column":35}},"71":{"start":{"line":42,"column":36},"end":{"line":42,"column":89}},"72":{"start":{"line":45,"column":0},"end":{"line":45,"column":62}},"73":{"start":{"line":46,"column":20},"end":{"line":46,"column":42}},"74":{"start":{"line":47,"column":16},"end":{"line":47,"column":42}},"75":{"start":{"line":48,"column":22},"end":{"line":48,"column":54}},"76":{"start":{"line":49,"column":8},"end":{"line":49,"column":25}},"77":{"start":{"line":50,"column":17},"end":{"line":50,"column":46}},"78":{"start":{"line":51,"column":12},"end":{"line":51,"column":28}},"79":{"start":{"line":56,"column":32},"end":{"line":343,"column":3}},"80":{"start":{"line":61,"column":8},"end":{"line":61,"column":25}},"81":{"start":{"line":62,"column":8},"end":{"line":62,"column":25}},"82":{"start":{"line":63,"column":8},"end":{"line":63,"column":72}},"83":{"start":{"line":68,"column":4},"end":{"line":70,"column":6}},"84":{"start":{"line":69,"column":8},"end":{"line":69,"column":25}},"85":{"start":{"line":76,"column":4},"end":{"line":78,"column":6}},"86":{"start":{"line":77,"column":8},"end":{"line":77,"column":41}},"87":{"start":{"line":84,"column":4},"end":{"line":86,"column":6}},"88":{"start":{"line":85,"column":8},"end":{"line":85,"column":59}},"89":{"start":{"line":93,"column":4},"end":{"line":97,"column":6}},"90":{"start":{"line":94,"column":19},"end":{"line":94,"column":38}},"91":{"start":{"line":95,"column":26},"end":{"line":95,"column":52}},"92":{"start":{"line":96,"column":8},"end":{"line":96,"column":60}},"93":{"start":{"line":105,"column":4},"end":{"line":136,"column":6}},"94":{"start":{"line":106,"column":8},"end":{"line":106,"column":49}},"95":{"start":{"line":106,"column":34},"end":{"line":106,"column":47}},"96":{"start":{"line":107,"column":8},"end":{"line":135,"column":11}},"97":{"start":{"line":109,"column":12},"end":{"line":134,"column":15}},"98":{"start":{"line":110,"column":16},"end":{"line":133,"column":17}},"99":{"start":{"line":112,"column":24},"end":{"line":117,"column":25}},"100":{"start":{"line":113,"column":28},"end":{"line":113,"column":64}},"101":{"start":{"line":116,"column":28},"end":{"line":116,"column":48}},"102":{"start":{"line":118,"column":24},"end":{"line":118,"column":67}},"103":{"start":{"line":119,"column":24},"end":{"line":119,"column":80}},"104":{"start":{"line":119,"column":56},"end":{"line":119,"column":80}},"105":{"start":{"line":120,"column":24},"end":{"line":120,"column":122}},"106":{"start":{"line":122,"column":24},"end":{"line":122,"column":45}},"107":{"start":{"line":123,"column":24},"end":{"line":123,"column":48}},"108":{"start":{"line":124,"column":28},"end":{"line":124,"column":88}},"109":{"start":{"line":126,"column":24},"end":{"line":126,"column":45}},"110":{"start":{"line":127,"column":24},"end":{"line":127,"column":37}},"111":{"start":{"line":129,"column":24},"end":{"line":131,"column":25}},"112":{"start":{"line":130,"column":28},"end":{"line":130,"column":104}},"113":{"start":{"line":132,"column":24},"end":{"line":132,"column":98}},"114":{"start":{"line":145,"column":4},"end":{"line":166,"column":6}},"115":{"start":{"line":146,"column":8},"end":{"line":146,"column":49}},"116":{"start":{"line":146,"column":34},"end":{"line":146,"column":47}},"117":{"start":{"line":147,"column":8},"end":{"line":165,"column":11}},"118":{"start":{"line":149,"column":12},"end":{"line":164,"column":15}},"119":{"start":{"line":150,"column":16},"end":{"line":163,"column":17}},"120":{"start":{"line":152,"column":24},"end":{"line":152,"column":92}},"121":{"start":{"line":153,"column":24},"end":{"line":153,"column":80}},"122":{"start":{"line":153,"column":56},"end":{"line":153,"column":80}},"123":{"start":{"line":154,"column":24},"end":{"line":154,"column":123}},"124":{"start":{"line":156,"column":24},"end":{"line":156,"column":45}},"125":{"start":{"line":157,"column":24},"end":{"line":157,"column":48}},"126":{"start":{"line":158,"column":28},"end":{"line":158,"column":94}},"127":{"start":{"line":160,"column":24},"end":{"line":160,"column":45}},"128":{"start":{"line":161,"column":24},"end":{"line":161,"column":37}},"129":{"start":{"line":162,"column":28},"end":{"line":162,"column":102}},"130":{"start":{"line":173,"column":4},"end":{"line":187,"column":6}},"131":{"start":{"line":174,"column":8},"end":{"line":186,"column":11}},"132":{"start":{"line":176,"column":12},"end":{"line":185,"column":15}},"133":{"start":{"line":177,"column":16},"end":{"line":184,"column":17}},"134":{"start":{"line":179,"column":24},"end":{"line":179,"column":69}},"135":{"start":{"line":180,"column":24},"end":{"line":180,"column":78}},"136":{"start":{"line":182,"column":24},"end":{"line":182,"column":45}},"137":{"start":{"line":183,"column":24},"end":{"line":183,"column":105}},"138":{"start":{"line":193,"column":4},"end":{"line":207,"column":6}},"139":{"start":{"line":194,"column":8},"end":{"line":194,"column":49}},"140":{"start":{"line":194,"column":34},"end":{"line":194,"column":47}},"141":{"start":{"line":195,"column":8},"end":{"line":206,"column":11}},"142":{"start":{"line":197,"column":24},"end":{"line":197,"column":28}},"143":{"start":{"line":198,"column":12},"end":{"line":205,"column":15}},"144":{"start":{"line":199,"column":16},"end":{"line":204,"column":17}},"145":{"start":{"line":200,"column":28},"end":{"line":200,"column":122}},"146":{"start":{"line":202,"column":24},"end":{"line":202,"column":49}},"147":{"start":{"line":203,"column":24},"end":{"line":203,"column":141}},"148":{"start":{"line":203,"column":93},"end":{"line":203,"column":135}},"149":{"start":{"line":215,"column":4},"end":{"line":225,"column":6}},"150":{"start":{"line":216,"column":8},"end":{"line":216,"column":49}},"151":{"start":{"line":216,"column":34},"end":{"line":216,"column":47}},"152":{"start":{"line":217,"column":8},"end":{"line":224,"column":11}},"153":{"start":{"line":218,"column":12},"end":{"line":223,"column":15}},"154":{"start":{"line":219,"column":16},"end":{"line":221,"column":17}},"155":{"start":{"line":220,"column":20},"end":{"line":220,"column":144}},"156":{"start":{"line":222,"column":16},"end":{"line":222,"column":107}},"157":{"start":{"line":232,"column":4},"end":{"line":256,"column":6}},"158":{"start":{"line":233,"column":8},"end":{"line":233,"column":49}},"159":{"start":{"line":233,"column":34},"end":{"line":233,"column":47}},"160":{"start":{"line":234,"column":8},"end":{"line":255,"column":11}},"161":{"start":{"line":236,"column":12},"end":{"line":254,"column":15}},"162":{"start":{"line":237,"column":16},"end":{"line":253,"column":17}},"163":{"start":{"line":239,"column":24},"end":{"line":239,"column":80}},"164":{"start":{"line":239,"column":56},"end":{"line":239,"column":80}},"165":{"start":{"line":240,"column":24},"end":{"line":240,"column":103}},"166":{"start":{"line":242,"column":24},"end":{"line":242,"column":49}},"167":{"start":{"line":243,"column":24},"end":{"line":243,"column":48}},"168":{"start":{"line":244,"column":28},"end":{"line":244,"column":74}},"169":{"start":{"line":246,"column":24},"end":{"line":246,"column":49}},"170":{"start":{"line":247,"column":24},"end":{"line":247,"column":37}},"171":{"start":{"line":249,"column":24},"end":{"line":251,"column":25}},"172":{"start":{"line":250,"column":28},"end":{"line":250,"column":56}},"173":{"start":{"line":252,"column":24},"end":{"line":252,"column":102}},"174":{"start":{"line":263,"column":4},"end":{"line":287,"column":6}},"175":{"start":{"line":264,"column":8},"end":{"line":264,"column":49}},"176":{"start":{"line":264,"column":34},"end":{"line":264,"column":47}},"177":{"start":{"line":265,"column":8},"end":{"line":286,"column":11}},"178":{"start":{"line":267,"column":12},"end":{"line":285,"column":15}},"179":{"start":{"line":268,"column":16},"end":{"line":284,"column":17}},"180":{"start":{"line":270,"column":24},"end":{"line":270,"column":80}},"181":{"start":{"line":270,"column":56},"end":{"line":270,"column":80}},"182":{"start":{"line":271,"column":24},"end":{"line":271,"column":103}},"183":{"start":{"line":273,"column":24},"end":{"line":273,"column":49}},"184":{"start":{"line":274,"column":24},"end":{"line":274,"column":48}},"185":{"start":{"line":275,"column":28},"end":{"line":275,"column":74}},"186":{"start":{"line":277,"column":24},"end":{"line":277,"column":49}},"187":{"start":{"line":278,"column":24},"end":{"line":278,"column":37}},"188":{"start":{"line":280,"column":24},"end":{"line":282,"column":25}},"189":{"start":{"line":281,"column":28},"end":{"line":281,"column":56}},"190":{"start":{"line":283,"column":24},"end":{"line":283,"column":102}},"191":{"start":{"line":294,"column":4},"end":{"line":318,"column":6}},"192":{"start":{"line":295,"column":8},"end":{"line":295,"column":49}},"193":{"start":{"line":295,"column":34},"end":{"line":295,"column":47}},"194":{"start":{"line":296,"column":8},"end":{"line":317,"column":11}},"195":{"start":{"line":298,"column":12},"end":{"line":316,"column":15}},"196":{"start":{"line":299,"column":16},"end":{"line":315,"column":17}},"197":{"start":{"line":301,"column":24},"end":{"line":301,"column":80}},"198":{"start":{"line":301,"column":56},"end":{"line":301,"column":80}},"199":{"start":{"line":302,"column":24},"end":{"line":302,"column":103}},"200":{"start":{"line":304,"column":24},"end":{"line":304,"column":49}},"201":{"start":{"line":305,"column":24},"end":{"line":305,"column":48}},"202":{"start":{"line":306,"column":28},"end":{"line":306,"column":74}},"203":{"start":{"line":308,"column":24},"end":{"line":308,"column":49}},"204":{"start":{"line":309,"column":24},"end":{"line":309,"column":37}},"205":{"start":{"line":311,"column":24},"end":{"line":313,"column":25}},"206":{"start":{"line":312,"column":28},"end":{"line":312,"column":56}},"207":{"start":{"line":314,"column":24},"end":{"line":314,"column":100}},"208":{"start":{"line":322,"column":4},"end":{"line":324,"column":6}},"209":{"start":{"line":323,"column":8},"end":{"line":323,"column":51}},"210":{"start":{"line":331,"column":4},"end":{"line":341,"column":6}},"211":{"start":{"line":333,"column":8},"end":{"line":338,"column":9}},"212":{"start":{"line":334,"column":12},"end":{"line":334,"column":38}},"213":{"start":{"line":337,"column":12},"end":{"line":337,"column":67}},"214":{"start":{"line":339,"column":8},"end":{"line":339,"column":96}},"215":{"start":{"line":340,"column":8},"end":{"line":340,"column":50}},"216":{"start":{"line":342,"column":4},"end":{"line":342,"column":22}},"217":{"start":{"line":344,"column":0},"end":{"line":344,"column":32}}},"fnMap":{"0":{"name":"(anonymous_0)","decl":{"start":{"line":2,"column":59},"end":{"line":2,"column":60}},"loc":{"start":{"line":2,"column":71},"end":{"line":9,"column":1}},"line":2},"1":{"name":"(anonymous_1)","decl":{"start":{"line":10,"column":44},"end":{"line":10,"column":45}},"loc":{"start":{"line":10,"column":89},"end":{"line":17,"column":1}},"line":10},"2":{"name":"(anonymous_2)","decl":{"start":{"line":11,"column":36},"end":{"line":11,"column":37}},"loc":{"start":{"line":11,"column":63},"end":{"line":16,"column":5}},"line":11},"3":{"name":"fulfilled","decl":{"start":{"line":12,"column":17},"end":{"line":12,"column":26}},"loc":{"start":{"line":12,"column":34},"end":{"line":12,"column":99}},"line":12},"4":{"name":"rejected","decl":{"start":{"line":13,"column":17},"end":{"line":13,"column":25}},"loc":{"start":{"line":13,"column":33},"end":{"line":13,"column":102}},"line":13},"5":{"name":"step","decl":{"start":{"line":14,"column":17},"end":{"line":14,"column":21}},"loc":{"start":{"line":14,"column":30},"end":{"line":14,"column":151}},"line":14},"6":{"name":"(anonymous_6)","decl":{"start":{"line":14,"column":76},"end":{"line":14,"column":77}},"loc":{"start":{"line":14,"column":95},"end":{"line":14,"column":121}},"line":14},"7":{"name":"(anonymous_7)","decl":{"start":{"line":18,"column":48},"end":{"line":18,"column":49}},"loc":{"start":{"line":18,"column":73},"end":{"line":44,"column":1}},"line":18},"8":{"name":"(anonymous_8)","decl":{"start":{"line":19,"column":30},"end":{"line":19,"column":31}},"loc":{"start":{"line":19,"column":41},"end":{"line":19,"column":83}},"line":19},"9":{"name":"(anonymous_9)","decl":{"start":{"line":20,"column":125},"end":{"line":20,"column":126}},"loc":{"start":{"line":20,"column":136},"end":{"line":20,"column":152}},"line":20},"10":{"name":"verb","decl":{"start":{"line":21,"column":13},"end":{"line":21,"column":17}},"loc":{"start":{"line":21,"column":21},"end":{"line":21,"column":70}},"line":21},"11":{"name":"(anonymous_11)","decl":{"start":{"line":21,"column":30},"end":{"line":21,"column":31}},"loc":{"start":{"line":21,"column":43},"end":{"line":21,"column":67}},"line":21},"12":{"name":"step","decl":{"start":{"line":22,"column":13},"end":{"line":22,"column":17}},"loc":{"start":{"line":22,"column":22},"end":{"line":43,"column":5}},"line":22},"13":{"name":"(anonymous_13)","decl":{"start":{"line":56,"column":32},"end":{"line":56,"column":33}},"loc":{"start":{"line":56,"column":44},"end":{"line":343,"column":1}},"line":56},"14":{"name":"StubHelper","decl":{"start":{"line":60,"column":13},"end":{"line":60,"column":23}},"loc":{"start":{"line":60,"column":30},"end":{"line":64,"column":5}},"line":60},"15":{"name":"(anonymous_15)","decl":{"start":{"line":68,"column":35},"end":{"line":68,"column":36}},"loc":{"start":{"line":68,"column":47},"end":{"line":70,"column":5}},"line":68},"16":{"name":"(anonymous_16)","decl":{"start":{"line":76,"column":46},"end":{"line":76,"column":47}},"loc":{"start":{"line":76,"column":58},"end":{"line":78,"column":5}},"line":76},"17":{"name":"(anonymous_17)","decl":{"start":{"line":84,"column":45},"end":{"line":84,"column":46}},"loc":{"start":{"line":84,"column":57},"end":{"line":86,"column":5}},"line":84},"18":{"name":"(anonymous_18)","decl":{"start":{"line":93,"column":40},"end":{"line":93,"column":41}},"loc":{"start":{"line":93,"column":56},"end":{"line":97,"column":5}},"line":93},"19":{"name":"(anonymous_19)","decl":{"start":{"line":105,"column":48},"end":{"line":105,"column":49}},"loc":{"start":{"line":105,"column":74},"end":{"line":136,"column":5}},"line":105},"20":{"name":"(anonymous_20)","decl":{"start":{"line":107,"column":48},"end":{"line":107,"column":49}},"loc":{"start":{"line":107,"column":60},"end":{"line":135,"column":9}},"line":107},"21":{"name":"(anonymous_21)","decl":{"start":{"line":109,"column":37},"end":{"line":109,"column":38}},"loc":{"start":{"line":109,"column":51},"end":{"line":134,"column":13}},"line":109},"22":{"name":"(anonymous_22)","decl":{"start":{"line":145,"column":49},"end":{"line":145,"column":50}},"loc":{"start":{"line":145,"column":86},"end":{"line":166,"column":5}},"line":145},"23":{"name":"(anonymous_23)","decl":{"start":{"line":147,"column":48},"end":{"line":147,"column":49}},"loc":{"start":{"line":147,"column":60},"end":{"line":165,"column":9}},"line":147},"24":{"name":"(anonymous_24)","decl":{"start":{"line":149,"column":37},"end":{"line":149,"column":38}},"loc":{"start":{"line":149,"column":51},"end":{"line":164,"column":13}},"line":149},"25":{"name":"(anonymous_25)","decl":{"start":{"line":173,"column":50},"end":{"line":173,"column":51}},"loc":{"start":{"line":173,"column":65},"end":{"line":187,"column":5}},"line":173},"26":{"name":"(anonymous_26)","decl":{"start":{"line":174,"column":48},"end":{"line":174,"column":49}},"loc":{"start":{"line":174,"column":60},"end":{"line":186,"column":9}},"line":174},"27":{"name":"(anonymous_27)","decl":{"start":{"line":176,"column":37},"end":{"line":176,"column":38}},"loc":{"start":{"line":176,"column":51},"end":{"line":185,"column":13}},"line":176},"28":{"name":"(anonymous_28)","decl":{"start":{"line":193,"column":44},"end":{"line":193,"column":45}},"loc":{"start":{"line":193,"column":70},"end":{"line":207,"column":5}},"line":193},"29":{"name":"(anonymous_29)","decl":{"start":{"line":195,"column":48},"end":{"line":195,"column":49}},"loc":{"start":{"line":195,"column":60},"end":{"line":206,"column":9}},"line":195},"30":{"name":"(anonymous_30)","decl":{"start":{"line":198,"column":37},"end":{"line":198,"column":38}},"loc":{"start":{"line":198,"column":51},"end":{"line":205,"column":13}},"line":198},"31":{"name":"(anonymous_31)","decl":{"start":{"line":203,"column":73},"end":{"line":203,"column":74}},"loc":{"start":{"line":203,"column":91},"end":{"line":203,"column":137}},"line":203},"32":{"name":"(anonymous_32)","decl":{"start":{"line":215,"column":36},"end":{"line":215,"column":37}},"loc":{"start":{"line":215,"column":67},"end":{"line":225,"column":5}},"line":215},"33":{"name":"(anonymous_33)","decl":{"start":{"line":217,"column":48},"end":{"line":217,"column":49}},"loc":{"start":{"line":217,"column":60},"end":{"line":224,"column":9}},"line":217},"34":{"name":"(anonymous_34)","decl":{"start":{"line":218,"column":37},"end":{"line":218,"column":38}},"loc":{"start":{"line":218,"column":51},"end":{"line":223,"column":13}},"line":218},"35":{"name":"(anonymous_35)","decl":{"start":{"line":232,"column":44},"end":{"line":232,"column":45}},"loc":{"start":{"line":232,"column":68},"end":{"line":256,"column":5}},"line":232},"36":{"name":"(anonymous_36)","decl":{"start":{"line":234,"column":48},"end":{"line":234,"column":49}},"loc":{"start":{"line":234,"column":60},"end":{"line":255,"column":9}},"line":234},"37":{"name":"(anonymous_37)","decl":{"start":{"line":236,"column":37},"end":{"line":236,"column":38}},"loc":{"start":{"line":236,"column":51},"end":{"line":254,"column":13}},"line":236},"38":{"name":"(anonymous_38)","decl":{"start":{"line":263,"column":44},"end":{"line":263,"column":45}},"loc":{"start":{"line":263,"column":68},"end":{"line":287,"column":5}},"line":263},"39":{"name":"(anonymous_39)","decl":{"start":{"line":265,"column":48},"end":{"line":265,"column":49}},"loc":{"start":{"line":265,"column":60},"end":{"line":286,"column":9}},"line":265},"40":{"name":"(anonymous_40)","decl":{"start":{"line":267,"column":37},"end":{"line":267,"column":38}},"loc":{"start":{"line":267,"column":51},"end":{"line":285,"column":13}},"line":267},"41":{"name":"(anonymous_41)","decl":{"start":{"line":294,"column":42},"end":{"line":294,"column":43}},"loc":{"start":{"line":294,"column":66},"end":{"line":318,"column":5}},"line":294},"42":{"name":"(anonymous_42)","decl":{"start":{"line":296,"column":48},"end":{"line":296,"column":49}},"loc":{"start":{"line":296,"column":60},"end":{"line":317,"column":9}},"line":296},"43":{"name":"(anonymous_43)","decl":{"start":{"line":298,"column":37},"end":{"line":298,"column":38}},"loc":{"start":{"line":298,"column":51},"end":{"line":316,"column":13}},"line":298},"44":{"name":"(anonymous_44)","decl":{"start":{"line":322,"column":37},"end":{"line":322,"column":38}},"loc":{"start":{"line":322,"column":49},"end":{"line":324,"column":5}},"line":322},"45":{"name":"(anonymous_45)","decl":{"start":{"line":331,"column":36},"end":{"line":331,"column":37}},"loc":{"start":{"line":331,"column":61},"end":{"line":341,"column":5}},"line":331}},"branchMap":{"0":{"loc":{"start":{"line":2,"column":15},"end":{"line":9,"column":1}},"type":"binary-expr","locations":[{"start":{"line":2,"column":16},"end":{"line":2,"column":20}},{"start":{"line":2,"column":24},"end":{"line":2,"column":37}},{"start":{"line":2,"column":42},"end":{"line":2,"column":55}},{"start":{"line":2,"column":59},"end":{"line":9,"column":1}}],"line":2},"1":{"loc":{"start":{"line":5,"column":25},"end":{"line":6,"column":24}},"type":"if","locations":[{"start":{"line":5,"column":25},"end":{"line":6,"column":24}},{"start":{"line":5,"column":25},"end":{"line":6,"column":24}}],"line":5},"2":{"loc":{"start":{"line":10,"column":16},"end":{"line":17,"column":1}},"type":"binary-expr","locations":[{"start":{"line":10,"column":17},"end":{"line":10,"column":21}},{"start":{"line":10,"column":25},"end":{"line":10,"column":39}},{"start":{"line":10,"column":44},"end":{"line":17,"column":1}}],"line":10},"3":{"loc":{"start":{"line":11,"column":16},"end":{"line":11,"column":34}},"type":"binary-expr","locations":[{"start":{"line":11,"column":16},"end":{"line":11,"column":17}},{"start":{"line":11,"column":22},"end":{"line":11,"column":33}}],"line":11},"4":{"loc":{"start":{"line":14,"column":32},"end":{"line":14,"column":148}},"type":"cond-expr","locations":[{"start":{"line":14,"column":46},"end":{"line":14,"column":67}},{"start":{"line":14,"column":70},"end":{"line":14,"column":148}}],"line":14},"5":{"loc":{"start":{"line":15,"column":51},"end":{"line":15,"column":67}},"type":"binary-expr","locations":[{"start":{"line":15,"column":51},"end":{"line":15,"column":61}},{"start":{"line":15,"column":65},"end":{"line":15,"column":67}}],"line":15},"6":{"loc":{"start":{"line":18,"column":18},"end":{"line":44,"column":1}},"type":"binary-expr","locations":[{"start":{"line":18,"column":19},"end":{"line":18,"column":23}},{"start":{"line":18,"column":27},"end":{"line":18,"column":43}},{"start":{"line":18,"column":48},"end":{"line":44,"column":1}}],"line":18},"7":{"loc":{"start":{"line":19,"column":43},"end":{"line":19,"column":68}},"type":"if","locations":[{"start":{"line":19,"column":43},"end":{"line":19,"column":68}},{"start":{"line":19,"column":43},"end":{"line":19,"column":68}}],"line":19},"8":{"loc":{"start":{"line":20,"column":71},"end":{"line":20,"column":153}},"type":"binary-expr","locations":[{"start":{"line":20,"column":71},"end":{"line":20,"column":99}},{"start":{"line":20,"column":104},"end":{"line":20,"column":152}}],"line":20},"9":{"loc":{"start":{"line":23,"column":8},"end":{"line":23,"column":70}},"type":"if","locations":[{"start":{"line":23,"column":8},"end":{"line":23,"column":70}},{"start":{"line":23,"column":8},"end":{"line":23,"column":70}}],"line":23},"10":{"loc":{"start":{"line":25,"column":12},"end":{"line":25,"column":169}},"type":"if","locations":[{"start":{"line":25,"column":12},"end":{"line":25,"column":169}},{"start":{"line":25,"column":12},"end":{"line":25,"column":169}}],"line":25},"11":{"loc":{"start":{"line":25,"column":23},"end":{"line":25,"column":158}},"type":"binary-expr","locations":[{"start":{"line":25,"column":23},"end":{"line":25,"column":24}},{"start":{"line":25,"column":29},"end":{"line":25,"column":125}},{"start":{"line":25,"column":130},"end":{"line":25,"column":158}}],"line":25},"12":{"loc":{"start":{"line":25,"column":33},"end":{"line":25,"column":125}},"type":"cond-expr","locations":[{"start":{"line":25,"column":45},"end":{"line":25,"column":56}},{"start":{"line":25,"column":59},"end":{"line":25,"column":125}}],"line":25},"13":{"loc":{"start":{"line":25,"column":59},"end":{"line":25,"column":125}},"type":"cond-expr","locations":[{"start":{"line":25,"column":67},"end":{"line":25,"column":116}},{"start":{"line":25,"column":119},"end":{"line":25,"column":125}}],"line":25},"14":{"loc":{"start":{"line":25,"column":67},"end":{"line":25,"column":116}},"type":"binary-expr","locations":[{"start":{"line":25,"column":67},"end":{"line":25,"column":77}},{"start":{"line":25,"column":82},"end":{"line":25,"column":115}}],"line":25},"15":{"loc":{"start":{"line":25,"column":82},"end":{"line":25,"column":112}},"type":"binary-expr","locations":[{"start":{"line":25,"column":83},"end":{"line":25,"column":98}},{"start":{"line":25,"column":103},"end":{"line":25,"column":112}}],"line":25},"16":{"loc":{"start":{"line":26,"column":12},"end":{"line":26,"column":52}},"type":"if","locations":[{"start":{"line":26,"column":12},"end":{"line":26,"column":52}},{"start":{"line":26,"column":12},"end":{"line":26,"column":52}}],"line":26},"17":{"loc":{"start":{"line":27,"column":12},"end":{"line":39,"column":13}},"type":"switch","locations":[{"start":{"line":28,"column":16},"end":{"line":28,"column":23}},{"start":{"line":28,"column":24},"end":{"line":28,"column":46}},{"start":{"line":29,"column":16},"end":{"line":29,"column":72}},{"start":{"line":30,"column":16},"end":{"line":30,"column":65}},{"start":{"line":31,"column":16},"end":{"line":31,"column":65}},{"start":{"line":32,"column":16},"end":{"line":38,"column":43}}],"line":27},"18":{"loc":{"start":{"line":33,"column":20},"end":{"line":33,"column":128}},"type":"if","locations":[{"start":{"line":33,"column":20},"end":{"line":33,"column":128}},{"start":{"line":33,"column":20},"end":{"line":33,"column":128}}],"line":33},"19":{"loc":{"start":{"line":33,"column":24},"end":{"line":33,"column":106}},"type":"binary-expr","locations":[{"start":{"line":33,"column":24},"end":{"line":33,"column":74}},{"start":{"line":33,"column":79},"end":{"line":33,"column":90}},{"start":{"line":33,"column":94},"end":{"line":33,"column":105}}],"line":33},"20":{"loc":{"start":{"line":33,"column":42},"end":{"line":33,"column":73}},"type":"binary-expr","locations":[{"start":{"line":33,"column":42},"end":{"line":33,"column":54}},{"start":{"line":33,"column":58},"end":{"line":33,"column":73}}],"line":33},"21":{"loc":{"start":{"line":34,"column":20},"end":{"line":34,"column":106}},"type":"if","locations":[{"start":{"line":34,"column":20},"end":{"line":34,"column":106}},{"start":{"line":34,"column":20},"end":{"line":34,"column":106}}],"line":34},"22":{"loc":{"start":{"line":34,"column":24},"end":{"line":34,"column":77}},"type":"binary-expr","locations":[{"start":{"line":34,"column":24},"end":{"line":34,"column":35}},{"start":{"line":34,"column":40},"end":{"line":34,"column":42}},{"start":{"line":34,"column":47},"end":{"line":34,"column":59}},{"start":{"line":34,"column":63},"end":{"line":34,"column":75}}],"line":34},"23":{"loc":{"start":{"line":35,"column":20},"end":{"line":35,"column":89}},"type":"if","locations":[{"start":{"line":35,"column":20},"end":{"line":35,"column":89}},{"start":{"line":35,"column":20},"end":{"line":35,"column":89}}],"line":35},"24":{"loc":{"start":{"line":35,"column":24},"end":{"line":35,"column":53}},"type":"binary-expr","locations":[{"start":{"line":35,"column":24},"end":{"line":35,"column":35}},{"start":{"line":35,"column":39},"end":{"line":35,"column":53}}],"line":35},"25":{"loc":{"start":{"line":36,"column":20},"end":{"line":36,"column":87}},"type":"if","locations":[{"start":{"line":36,"column":20},"end":{"line":36,"column":87}},{"start":{"line":36,"column":20},"end":{"line":36,"column":87}}],"line":36},"26":{"loc":{"start":{"line":36,"column":24},"end":{"line":36,"column":43}},"type":"binary-expr","locations":[{"start":{"line":36,"column":24},"end":{"line":36,"column":25}},{"start":{"line":36,"column":29},"end":{"line":36,"column":43}}],"line":36},"27":{"loc":{"start":{"line":37,"column":20},"end":{"line":37,"column":42}},"type":"if","locations":[{"start":{"line":37,"column":20},"end":{"line":37,"column":42}},{"start":{"line":37,"column":20},"end":{"line":37,"column":42}}],"line":37},"28":{"loc":{"start":{"line":42,"column":8},"end":{"line":42,"column":35}},"type":"if","locations":[{"start":{"line":42,"column":8},"end":{"line":42,"column":35}},{"start":{"line":42,"column":8},"end":{"line":42,"column":35}}],"line":42},"29":{"loc":{"start":{"line":42,"column":52},"end":{"line":42,"column":74}},"type":"cond-expr","locations":[{"start":{"line":42,"column":60},"end":{"line":42,"column":65}},{"start":{"line":42,"column":68},"end":{"line":42,"column":74}}],"line":42},"30":{"loc":{"start":{"line":106,"column":8},"end":{"line":106,"column":49}},"type":"if","locations":[{"start":{"line":106,"column":8},"end":{"line":106,"column":49}},{"start":{"line":106,"column":8},"end":{"line":106,"column":49}}],"line":106},"31":{"loc":{"start":{"line":110,"column":16},"end":{"line":133,"column":17}},"type":"switch","locations":[{"start":{"line":111,"column":20},"end":{"line":120,"column":122}},{"start":{"line":121,"column":20},"end":{"line":123,"column":48}},{"start":{"line":124,"column":20},"end":{"line":124,"column":88}},{"start":{"line":125,"column":20},"end":{"line":127,"column":37}},{"start":{"line":128,"column":20},"end":{"line":132,"column":98}}],"line":110},"32":{"loc":{"start":{"line":112,"column":24},"end":{"line":117,"column":25}},"type":"if","locations":[{"start":{"line":112,"column":24},"end":{"line":117,"column":25}},{"start":{"line":112,"column":24},"end":{"line":117,"column":25}}],"line":112},"33":{"loc":{"start":{"line":119,"column":24},"end":{"line":119,"column":80}},"type":"if","locations":[{"start":{"line":119,"column":24},"end":{"line":119,"column":80}},{"start":{"line":119,"column":24},"end":{"line":119,"column":80}}],"line":119},"34":{"loc":{"start":{"line":129,"column":24},"end":{"line":131,"column":25}},"type":"if","locations":[{"start":{"line":129,"column":24},"end":{"line":131,"column":25}},{"start":{"line":129,"column":24},"end":{"line":131,"column":25}}],"line":129},"35":{"loc":{"start":{"line":146,"column":8},"end":{"line":146,"column":49}},"type":"if","locations":[{"start":{"line":146,"column":8},"end":{"line":146,"column":49}},{"start":{"line":146,"column":8},"end":{"line":146,"column":49}}],"line":146},"36":{"loc":{"start":{"line":150,"column":16},"end":{"line":163,"column":17}},"type":"switch","locations":[{"start":{"line":151,"column":20},"end":{"line":154,"column":123}},{"start":{"line":155,"column":20},"end":{"line":157,"column":48}},{"start":{"line":158,"column":20},"end":{"line":158,"column":94}},{"start":{"line":159,"column":20},"end":{"line":161,"column":37}},{"start":{"line":162,"column":20},"end":{"line":162,"column":102}}],"line":150},"37":{"loc":{"start":{"line":153,"column":24},"end":{"line":153,"column":80}},"type":"if","locations":[{"start":{"line":153,"column":24},"end":{"line":153,"column":80}},{"start":{"line":153,"column":24},"end":{"line":153,"column":80}}],"line":153},"38":{"loc":{"start":{"line":177,"column":16},"end":{"line":184,"column":17}},"type":"switch","locations":[{"start":{"line":178,"column":20},"end":{"line":180,"column":78}},{"start":{"line":181,"column":20},"end":{"line":183,"column":105}}],"line":177},"39":{"loc":{"start":{"line":194,"column":8},"end":{"line":194,"column":49}},"type":"if","locations":[{"start":{"line":194,"column":8},"end":{"line":194,"column":49}},{"start":{"line":194,"column":8},"end":{"line":194,"column":49}}],"line":194},"40":{"loc":{"start":{"line":199,"column":16},"end":{"line":204,"column":17}},"type":"switch","locations":[{"start":{"line":200,"column":20},"end":{"line":200,"column":122}},{"start":{"line":201,"column":20},"end":{"line":203,"column":141}}],"line":199},"41":{"loc":{"start":{"line":216,"column":8},"end":{"line":216,"column":49}},"type":"if","locations":[{"start":{"line":216,"column":8},"end":{"line":216,"column":49}},{"start":{"line":216,"column":8},"end":{"line":216,"column":49}}],"line":216},"42":{"loc":{"start":{"line":219,"column":16},"end":{"line":221,"column":17}},"type":"if","locations":[{"start":{"line":219,"column":16},"end":{"line":221,"column":17}},{"start":{"line":219,"column":16},"end":{"line":221,"column":17}}],"line":219},"43":{"loc":{"start":{"line":233,"column":8},"end":{"line":233,"column":49}},"type":"if","locations":[{"start":{"line":233,"column":8},"end":{"line":233,"column":49}},{"start":{"line":233,"column":8},"end":{"line":233,"column":49}}],"line":233},"44":{"loc":{"start":{"line":237,"column":16},"end":{"line":253,"column":17}},"type":"switch","locations":[{"start":{"line":238,"column":20},"end":{"line":240,"column":103}},{"start":{"line":241,"column":20},"end":{"line":243,"column":48}},{"start":{"line":244,"column":20},"end":{"line":244,"column":74}},{"start":{"line":245,"column":20},"end":{"line":247,"column":37}},{"start":{"line":248,"column":20},"end":{"line":252,"column":102}}],"line":237},"45":{"loc":{"start":{"line":239,"column":24},"end":{"line":239,"column":80}},"type":"if","locations":[{"start":{"line":239,"column":24},"end":{"line":239,"column":80}},{"start":{"line":239,"column":24},"end":{"line":239,"column":80}}],"line":239},"46":{"loc":{"start":{"line":249,"column":24},"end":{"line":251,"column":25}},"type":"if","locations":[{"start":{"line":249,"column":24},"end":{"line":251,"column":25}},{"start":{"line":249,"column":24},"end":{"line":251,"column":25}}],"line":249},"47":{"loc":{"start":{"line":249,"column":28},"end":{"line":249,"column":120}},"type":"binary-expr","locations":[{"start":{"line":249,"column":29},"end":{"line":249,"column":55}},{"start":{"line":249,"column":59},"end":{"line":249,"column":80}},{"start":{"line":249,"column":85},"end":{"line":249,"column":120}}],"line":249},"48":{"loc":{"start":{"line":264,"column":8},"end":{"line":264,"column":49}},"type":"if","locations":[{"start":{"line":264,"column":8},"end":{"line":264,"column":49}},{"start":{"line":264,"column":8},"end":{"line":264,"column":49}}],"line":264},"49":{"loc":{"start":{"line":268,"column":16},"end":{"line":284,"column":17}},"type":"switch","locations":[{"start":{"line":269,"column":20},"end":{"line":271,"column":103}},{"start":{"line":272,"column":20},"end":{"line":274,"column":48}},{"start":{"line":275,"column":20},"end":{"line":275,"column":74}},{"start":{"line":276,"column":20},"end":{"line":278,"column":37}},{"start":{"line":279,"column":20},"end":{"line":283,"column":102}}],"line":268},"50":{"loc":{"start":{"line":270,"column":24},"end":{"line":270,"column":80}},"type":"if","locations":[{"start":{"line":270,"column":24},"end":{"line":270,"column":80}},{"start":{"line":270,"column":24},"end":{"line":270,"column":80}}],"line":270},"51":{"loc":{"start":{"line":280,"column":24},"end":{"line":282,"column":25}},"type":"if","locations":[{"start":{"line":280,"column":24},"end":{"line":282,"column":25}},{"start":{"line":280,"column":24},"end":{"line":282,"column":25}}],"line":280},"52":{"loc":{"start":{"line":280,"column":28},"end":{"line":280,"column":120}},"type":"binary-expr","locations":[{"start":{"line":280,"column":29},"end":{"line":280,"column":55}},{"start":{"line":280,"column":59},"end":{"line":280,"column":80}},{"start":{"line":280,"column":85},"end":{"line":280,"column":120}}],"line":280},"53":{"loc":{"start":{"line":295,"column":8},"end":{"line":295,"column":49}},"type":"if","locations":[{"start":{"line":295,"column":8},"end":{"line":295,"column":49}},{"start":{"line":295,"column":8},"end":{"line":295,"column":49}}],"line":295},"54":{"loc":{"start":{"line":299,"column":16},"end":{"line":315,"column":17}},"type":"switch","locations":[{"start":{"line":300,"column":20},"end":{"line":302,"column":103}},{"start":{"line":303,"column":20},"end":{"line":305,"column":48}},{"start":{"line":306,"column":20},"end":{"line":306,"column":74}},{"start":{"line":307,"column":20},"end":{"line":309,"column":37}},{"start":{"line":310,"column":20},"end":{"line":314,"column":100}}],"line":299},"55":{"loc":{"start":{"line":301,"column":24},"end":{"line":301,"column":80}},"type":"if","locations":[{"start":{"line":301,"column":24},"end":{"line":301,"column":80}},{"start":{"line":301,"column":24},"end":{"line":301,"column":80}}],"line":301},"56":{"loc":{"start":{"line":311,"column":24},"end":{"line":313,"column":25}},"type":"if","locations":[{"start":{"line":311,"column":24},"end":{"line":313,"column":25}},{"start":{"line":311,"column":24},"end":{"line":313,"column":25}}],"line":311},"57":{"loc":{"start":{"line":311,"column":28},"end":{"line":311,"column":120}},"type"
[...]
4,"column":65}},{"start":{"line":34,"column":68},"end":{"line":34,"column":74}}],"line":34},"28":{"loc":{"start":{"line":55,"column":8},"end":{"line":60,"column":9}},"type":"if","locations":[{"start":{"line":55,"column":8},"end":{"line":60,"column":9}},{"start":{"line":55,"column":8},"end":{"line":60,"column":9}}],"line":55},"29":{"loc":{"start":{"line":58,"column":13},"end":{"line":60,"column":9}},"type":"if","locations":[{"start":{"line":58,"column":13},"end":{"line":60,"column":9}},{"start":{"line":58,"column":13},"end":{"line":60,"column":9}}],"line":58},"30":{"loc":{"start":{"line":58,"column":17},"end":{"line":58,"column":53}},"type":"binary-expr","locations":[{"start":{"line":58,"column":17},"end":{"line":58,"column":32}},{"start":{"line":58,"column":36},"end":{"line":58,"column":53}}],"line":58},"31":{"loc":{"start":{"line":72,"column":8},"end":{"line":74,"column":9}},"type":"if","locations":[{"start":{"line":72,"column":8},"end":{"line":74,"column":9}},{"start":{"line":72,"column":8},"end":{"line":74,"column":9}}],"line":72},"32":{"loc":{"start":{"line":75,"column":8},"end":{"line":77,"column":9}},"type":"if","locations":[{"start":{"line":75,"column":8},"end":{"line":77,"column":9}},{"start":{"line":75,"column":8},"end":{"line":77,"column":9}}],"line":75},"33":{"loc":{"start":{"line":79,"column":8},"end":{"line":81,"column":9}},"type":"if","locations":[{"start":{"line":79,"column":8},"end":{"line":81,"column":9}},{"start":{"line":79,"column":8},"end":{"line":81,"column":9}}],"line":79},"34":{"loc":{"start":{"line":99,"column":8},"end":{"line":101,"column":9}},"type":"if","locations":[{"start":{"line":99,"column":8},"end":{"line":101,"column":9}},{"start":{"line":99,"column":8},"end":{"line":101,"column":9}}],"line":99},"35":{"loc":{"start":{"line":103,"column":8},"end":{"line":105,"column":9}},"type":"if","locations":[{"start":{"line":103,"column":8},"end":{"line":105,"column":9}},{"start":{"line":103,"column":8},"end":{"line":105,"column":9}}],"line":103},"36":{"loc":{"start":{"line":106,"column":8},"end":{"line":108,"column":9}},"type":"if","locations":[{"start":{"line":106,"column":8},"end":{"line":108,"column":9}},{"start":{"line":106,"column":8},"end":{"line":108,"column":9}}],"line":106},"37":{"loc":{"start":{"line":112,"column":8},"end":{"line":114,"column":9}},"type":"if","locations":[{"start":{"line":112,"column":8},"end":{"line":114,"column":9}},{"start":{"line":112,"column":8},"end":{"line":114,"column":9}}],"line":112},"38":{"loc":{"start":{"line":127,"column":16},"end":{"line":151,"column":17}},"type":"switch","locations":[{"start":{"line":128,"column":20},"end":{"line":130,"column":37}},{"start":{"line":131,"column":20},"end":{"line":133,"column":62}},{"start":{"line":134,"column":20},"end":{"line":146,"column":48}},{"start":{"line":147,"column":20},"end":{"line":147,"column":67}},{"start":{"line":148,"column":20},"end":{"line":150,"column":58}}],"line":127},"39":{"loc":{"start":{"line":132,"column":24},"end":{"line":132,"column":81}},"type":"if","locations":[{"start":{"line":132,"column":24},"end":{"line":132,"column":81}},{"start":{"line":132,"column":24},"end":{"line":132,"column":81}}],"line":132},"40":{"loc":{"start":{"line":132,"column":30},"end":{"line":132,"column":54}},"type":"binary-expr","locations":[{"start":{"line":132,"column":30},"end":{"line":132,"column":41}},{"start":{"line":132,"column":45},"end":{"line":132,"column":54}}],"line":132},"41":{"loc":{"start":{"line":136,"column":24},"end":{"line":145,"column":25}},"type":"if","locations":[{"start":{"line":136,"column":24},"end":{"line":145,"column":25}},{"start":{"line":136,"column":24},"end":{"line":145,"column":25}}],"line":136},"42":{"loc":{"start":{"line":136,"column":28},"end":{"line":136,"column":67}},"type":"binary-expr","locations":[{"start":{"line":136,"column":28},"end":{"line":136,"column":37}},{"start":{"line":136,"column":41},"end":{"line":136,"column":67}}],"line":136},"43":{"loc":{"start":{"line":165,"column":16},"end":{"line":190,"column":17}},"type":"switch","locations":[{"start":{"line":166,"column":20},"end":{"line":168,"column":37}},{"start":{"line":169,"column":20},"end":{"line":171,"column":62}},{"start":{"line":172,"column":20},"end":{"line":185,"column":48}},{"start":{"line":186,"column":20},"end":{"line":186,"column":67}},{"start":{"line":187,"column":20},"end":{"line":189,"column":58}}],"line":165},"44":{"loc":{"start":{"line":170,"column":24},"end":{"line":170,"column":81}},"type":"if","locations":[{"start":{"line":170,"column":24},"end":{"line":170,"column":81}},{"start":{"line":170,"column":24},"end":{"line":170,"column":81}}],"line":170},"45":{"loc":{"start":{"line":170,"column":30},"end":{"line":170,"column":54}},"type":"binary-expr","locations":[{"start":{"line":170,"column":30},"end":{"line":170,"column":41}},{"start":{"line":170,"column":45},"end":{"line":170,"column":54}}],"line":170},"46":{"loc":{"start":{"line":174,"column":24},"end":{"line":184,"column":25}},"type":"if","locations":[{"start":{"line":174,"column":24},"end":{"line":184,"column":25}},{"start":{"line":174,"column":24},"end":{"line":184,"column":25}}],"line":174},"47":{"loc":{"start":{"line":174,"column":28},"end":{"line":174,"column":67}},"type":"binary-expr","locations":[{"start":{"line":174,"column":28},"end":{"line":174,"column":37}},{"start":{"line":174,"column":41},"end":{"line":174,"column":67}}],"line":174},"48":{"loc":{"start":{"line":204,"column":16},"end":{"line":236,"column":17}},"type":"switch","locations":[{"start":{"line":205,"column":20},"end":{"line":207,"column":37}},{"start":{"line":208,"column":20},"end":{"line":210,"column":62}},{"start":{"line":211,"column":20},"end":{"line":231,"column":48}},{"start":{"line":232,"column":20},"end":{"line":232,"column":67}},{"start":{"line":233,"column":20},"end":{"line":235,"column":58}}],"line":204},"49":{"loc":{"start":{"line":209,"column":24},"end":{"line":209,"column":81}},"type":"if","locations":[{"start":{"line":209,"column":24},"end":{"line":209,"column":81}},{"start":{"line":209,"column":24},"end":{"line":209,"column":81}}],"line":209},"50":{"loc":{"start":{"line":209,"column":30},"end":{"line":209,"column":54}},"type":"binary-expr","locations":[{"start":{"line":209,"column":30},"end":{"line":209,"column":41}},{"start":{"line":209,"column":45},"end":{"line":209,"column":54}}],"line":209},"51":{"loc":{"start":{"line":213,"column":24},"end":{"line":230,"column":25}},"type":"if","locations":[{"start":{"line":213,"column":24},"end":{"line":230,"column":25}},{"start":{"line":213,"column":24},"end":{"line":230,"column":25}}],"line":213},"52":{"loc":{"start":{"line":213,"column":28},"end":{"line":213,"column":67}},"type":"binary-expr","locations":[{"start":{"line":213,"column":28},"end":{"line":213,"column":37}},{"start":{"line":213,"column":41},"end":{"line":213,"column":67}}],"line":213},"53":{"loc":{"start":{"line":250,"column":8},"end":{"line":265,"column":9}},"type":"if","locations":[{"start":{"line":250,"column":8},"end":{"line":265,"column":9}},{"start":{"line":250,"column":8},"end":{"line":265,"column":9}}],"line":250},"54":{"loc":{"start":{"line":253,"column":13},"end":{"line":265,"column":9}},"type":"if","locations":[{"start":{"line":253,"column":13},"end":{"line":265,"column":9}},{"start":{"line":253,"column":13},"end":{"line":265,"column":9}}],"line":253},"55":{"loc":{"start":{"line":256,"column":13},"end":{"line":265,"column":9}},"type":"if","locations":[{"start":{"line":256,"column":13},"end":{"line":265,"column":9}},{"start":{"line":256,"column":13},"end":{"line":265,"column":9}}],"line":256},"56":{"loc":{"start":{"line":261,"column":13},"end":{"line":265,"column":9}},"type":"if","locations":[{"start":{"line":261,"column":13},"end":{"line":265,"column":9}},{"start":{"line":261,"column":13},"end":{"line":265,"column":9}}],"line":261}},"s":{"0":1,"1":13,"2":53,"3":53,"4":0,"5":0,"6":0,"7":0,"8":66,"9":53,"10":13,"11":1,"12":13,"13":53,"14":0,"15":53,"16":13,"17":0,"18":39,"19":66,"20":66,"21":0,"22":66,"23":185,"24":185,"25":0,"26":185,"27":0,"28":185,"29":66,"30":66,"31":53,"32":53,"33":0,"34":0,"35":0,"36":0,"37":0,"38":0,"39":0,"40":66,"41":13,"42":13,"43":53,"44":53,"45":53,"46":0,"47":0,"48":0,"49":0,"50":0,"51":0,"52":0,"53":0,"54":0,"55":0,"56":0,"57":0,"58":119,"59":0,"60":0,"61":185,"62":13,"63":0,"64":13,"65":1,"66":1,"67":1,"68":1,"69":1,"70":55,"71":0,"72":55,"73":8,"74":47,"75":1,"76":17,"77":0,"78":17,"79":1,"80":16,"81":16,"82":1,"83":15,"84":15,"85":0,"86":0,"87":1,"88":2,"89":0,"90":2,"91":2,"92":0,"93":2,"94":2,"95":0,"96":1,"97":2,"98":0,"99":2,"100":1,"101":8,"102":8,"103":88,"104":8,"105":8,"106":40,"107":8,"108":32,"109":32,"110":32,"111":32,"112":32,"113":32,"114":3,"115":32,"116":32,"117":8,"118":8,"119":8,"120":1,"121":2,"122":2,"123":12,"124":2,"125":2,"126":5,"127":2,"128":3,"129":3,"130":3,"131":3,"132":3,"133":3,"134":3,"135":0,"136":3,"137":3,"138":2,"139":2,"140":2,"141":1,"142":3,"143":3,"144":19,"145":3,"146":3,"147":8,"148":3,"149":5,"150":5,"151":5,"152":5,"153":5,"154":5,"155":0,"156":5,"157":5,"158":5,"159":5,"160":5,"161":3,"162":3,"163":3,"164":1,"165":381,"166":381,"167":2,"168":379,"169":271,"170":108,"171":6,"172":25,"173":102,"174":77,"175":292,"176":25,"177":1,"178":1,"179":1},"f":{"0":13,"1":13,"2":53,"3":0,"4":66,"5":53,"6":13,"7":53,"8":0,"9":39,"10":66,"11":66,"12":1,"13":0,"14":55,"15":17,"16":2,"17":2,"18":8,"19":8,"20":88,"21":2,"22":2,"23":12,"24":3,"25":3,"26":19,"27":381,"28":25,"29":292},"b":{"0":[1,1,1],"1":[13,8],"2":[13,53],"3":[13,13],"4":[1,1,1],"5":[0,53],"6":[13,13],"7":[0,66],"8":[0,185],"9":[185,0,0],"10":[0,0],"11":[0,0],"12":[0,0],"13":[0,0],"14":[0,185],"15":[66,66,53,0,0,66],"16":[13,53],"17":[66,66,66],"18":[66,0],"19":[53,0],"20":[53,53,0,0],"21":[0,0],"22":[0,0],"23":[0,0],"24":[0,0],"25":[0,0],"26":[0,13],"27":[13,0],"28":[0,55],"29":[8,47],"30":[55,53],"31":[0,17],"32":[1,16],"33":[1,15],"34":[0,2],"35":[0,2],"36":[2,0],"37":[0,2],"38":[8,40,32,8,8],"39":[8,32],"40":[40,32],"41":[32,0],"42":[32,32],"43":[2,5,3,2,2],"44":[2,3],"45":[5,3],"46":[3,0],"47":[3,3],"48":[3,8,5,3,3],"49":[3,5],"50":[8,5],"51":[5,0],"52":[5,5],"53":[2,379],"54":[271,108],"55":[6,102],"56":[77,25]},"_coverageSchema":"d34fc3e6b8297bcde183f5492bcb8fcb36775295","hash":"a59eb4c62ac135f1762c66360344215e3a31a487","contentHash":"37380ef0370ed82007c61e68bab448f4_12.0.2"},"/Users/jonassnellinckx/Projects/TheLedger/utils/fabric-node-chaincode-utils/src/utils/errors/InternalServerError.ts":{"path":"/Users/jonassnellinckx/Projects/TheLedger/utils/fabric-node-chaincode-utils/src/utils/errors/InternalServerError.ts","statementMap":{"0":{"start":{"line":2,"column":16},"end":{"line":11,"column":4}},"1":{"start":{"line":3,"column":24},"end":{"line":5,"column":82}},"2":{"start":{"line":4,"column":65},"end":{"line":4,"column":81}},"3":{"start":{"line":5,"column":26},"end":{"line":5,"column":80}},"4":{"start":{"line":5,"column":43},"end":{"line":5,"column":80}},"5":{"start":{"line":5,"column":68},"end":{"line":5,"column":80}},"6":{"start":{"line":6,"column":4},"end":{"line":10,"column":6}},"7":{"start":{"line":7,"column":8},"end":{"line":7,"column":28}},"8":{"start":{"line":8,"column":24},"end":{"line":8,"column":45}},"9":{"start":{"line":9,"column":8},"end":{"line":9,"column":93}},"10":{"start":{"line":12,"column":0},"end":{"line":12,"column":62}},"11":{"start":{"line":13,"column":23},"end":{"line":13,"column":50}},"12":{"start":{"line":17,"column":41},"end":{"line":24,"column":34}},"13":{"start":{"line":18,"column":4},"end":{"line":18,"column":43}},"14":{"start":{"line":20,"column":8},"end":{"line":20,"column":49}},"15":{"start":{"line":20,"column":34},"end":{"line":20,"column":47}},"16":{"start":{"line":21,"column":8},"end":{"line":21,"column":55}},"17":{"start":{"line":23,"column":4},"end":{"line":23,"column":31}},"18":{"start":{"line":25,"column":0},"end":{"line":25,"column":50}}},"fnMap":{"0":{"name":"(anonymous_0)","decl":{"start":{"line":2,"column":45},"end":{"line":2,"column":46}},"loc":{"start":{"line":2,"column":57},"end":{"line":11,"column":1}},"line":2},"1":{"name":"(anonymous_1)","decl":{"start":{"line":4,"column":47},"end":{"line":4,"column":48}},"loc":{"start":{"line":4,"column":63},"end":{"line":4,"column":83}},"line":4},"2":{"name":"(anonymous_2)","decl":{"start":{"line":5,"column":8},"end":{"line":5,"column":9}},"loc":{"start":{"line":5,"column":24},"end":{"line":5,"column":82}},"line":5},"3":{"name":"(anonymous_3)","decl":{"start":{"line":6,"column":11},"end":{"line":6,"column":12}},"loc":{"start":{"line":6,"column":27},"end":{"line":10,"column":5}},"line":6},"4":{"name":"__","decl":{"start":{"line":8,"column":17},"end":{"line":8,"column":19}},"loc":{"start":{"line":8,"column":22},"end":{"line":8,"column":47}},"line":8},"5":{"name":"(anonymous_5)","decl":{"start":{"line":17,"column":41},"end":{"line":17,"column":42}},"loc":{"start":{"line":17,"column":59},"end":{"line":24,"column":1}},"line":17},"6":{"name":"InternalServerError","decl":{"start":{"line":19,"column":13},"end":{"line":19,"column":32}},"loc":{"start":{"line":19,"column":42},"end":{"line":22,"column":5}},"line":19}},"branchMap":{"0":{"loc":{"start":{"line":2,"column":16},"end":{"line":11,"column":4}},"type":"binary-expr","locations":[{"start":{"line":2,"column":17},"end":{"line":2,"column":21}},{"start":{"line":2,"column":25},"end":{"line":2,"column":39}},{"start":{"line":2,"column":44},"end":{"line":11,"column":4}}],"line":2},"1":{"loc":{"start":{"line":3,"column":24},"end":{"line":5,"column":82}},"type":"binary-expr","locations":[{"start":{"line":3,"column":24},"end":{"line":3,"column":45}},{"start":{"line":4,"column":9},"end":{"line":4,"column":43}},{"start":{"line":4,"column":47},"end":{"line":4,"column":83}},{"start":{"line":5,"column":8},"end":{"line":5,"column":82}}],"line":3},"2":{"loc":{"start":{"line":5,"column":43},"end":{"line":5,"column":80}},"type":"if","locations":[{"start":{"line":5,"column":43},"end":{"line":5,"column":80}},{"start":{"line":5,"column":43},"end":{"line":5,"column":80}}],"line":5},"3":{"loc":{"start":{"line":9,"column":22},"end":{"line":9,"column":92}},"type":"cond-expr","locations":[{"start":{"line":9,"column":35},"end":{"line":9,"column":51}},{"start":{"line":9,"column":55},"end":{"line":9,"column":91}}],"line":9},"4":{"loc":{"start":{"line":20,"column":8},"end":{"line":20,"column":49}},"type":"if","locations":[{"start":{"line":20,"column":8},"end":{"line":20,"column":49}},{"start":{"line":20,"column":8},"end":{"line":20,"column":49}}],"line":20},"5":{"loc":{"start":{"line":21,"column":15},"end":{"line":21,"column":54}},"type":"binary-expr","locations":[{"start":{"line":21,"column":15},"end":{"line":21,"column":46}},{"start":{"line":21,"column":50},"end":{"line":21,"column":54}}],"line":21}},"s":{"0":1,"1":1,"2":0,"3":0,"4":0,"5":0,"6":1,"7":1,"8":1,"9":1,"10":1,"11":1,"12":1,"13":1,"14":0,"15":0,"16":0,"17":1,"18":1},"f":{"0":1,"1":0,"2":0,"3":1,"4":1,"5":1,"6":0},"b":{"0":[1,1,1],"1":[1,0,0,0],"2":[0,0],"3":[0,1],"4":[0,0],"5":[0,0]},"_coverageSchema":"d34fc3e6b8297bcde183f5492bcb8fcb36775295","hash":"b1fea57af1ef15bce50e236324dd6a84ee8fbc9d","contentHash":"1355f01d30146219279fc3a0dde2de3f_12.0.2"},"/Users/jonassnellinckx/Projects/TheLedger/utils/fabric-node-chaincode-utils/src/utils/errors/NotFoundError.ts":{"path":"/Users/jonassnellinckx/Projects/TheLedger/utils/fabric-node-chaincode-utils/src/utils/errors/NotFoundError.ts","statementMap":{"0":{"start":{"line":2,"column":16},"end":{"line":11,"column":4}},"1":{"start":{"line":3,"column":24},"end":{"line":5,"column":82}},"2":{"start":{"line":4,"column":65},"end":{"line":4,"column":81}},"3":{"start":{"line":5,"column":26},"end":{"line":5,"column":80}},"4":{"start":{"line":5,"column":43},"end":{"line":5,"column":80}},"5":{"start":{"line":5,"column":68},"end":{"line":5,"column":80}},"6":{"start":{"line":6,"column":4},"end":{"line":10,"column":6}},"7":{"start":{"line":7,"column":8},"end":{"line":7,"column":28}},"8":{"start":{"line":8,"column":24},"end":{"line":8,"column":45}},"9":{"start":{"line":9,"column":8},"end":{"line":9,"column":93}},"10":{"start":{"line":12,"column":0},"end":{"line":12,"column":62}},"11":{"start":{"line":13,"column":23},"end":{"line":13,"column":50}},"12":{"start":{"line":17,"column":35},"end":{"line":24,"column":34}},"13":{"start":{"line":18,"column":4},"end":{"line":18,"column":37}},"14":{"start":{"line":20,"column":8},"end":{"line":20,"column":49}},"15":{"start":{"line":20,"column":34},"end":{"line":20,"column":47}},"16":{"start":{"line":21,"column":8},"end":{"line":21,"column":55}},"17":{"start":{"line":23,"column":4},"end":{"line":23,"column":25}},"18":{"start":{"line":25,"column":0},"end":{"line":25,"column":38}}},"fnMap":{"0":{"name":"(anonymous_0)","decl":{"start":{"line":2,"column":45},"end":{"line":2,"column":46}},"loc":{"start":{"line":2,"column":57},"end":{"line":11,"column":1}},"line":2},"1":{"name":"(anonymous_1)","decl":{"start":{"line":4,"column":47},"end":{"line":4,"column":48}},"loc":{"start":{"line":4,"column":63},"end":{"line":4,"column":83}},"line":4},"2":{"name":"(anonymous_2)","decl":{"start":{"line":5,"column":8},"end":{"line":5,"column":9}},"loc":{"start":{"line":5,"column":24},"end":{"line":5,"column":82}},"line":5},"3":{"name":"(anonymous_3)","decl":{"start":{"line":6,"column":11},"end":{"line":6,"column":12}},"loc":{"start":{"line":6,"column":27},"end":{"line":10,"column":5}},"line":6},"4":{"name":"__","decl":{"start":{"line":8,"column":17},"end":{"line":8,"column":19}},"loc":{"start":{"line":8,"column":22},"end":{"line":8,"column":47}},"line":8},"5":{"name":"(anonymous_5)","decl":{"start":{"line":17,"column":35},"end":{"line":17,"column":36}},"loc":{"start":{"line":17,"column":53},"end":{"line":24,"column":1}},"line":17},"6":{"name":"NotFoundError","decl":{"start":{"line":19,"column":13},"end":{"line":19,"column":26}},"loc":{"start":{"line":19,"column":36},"end":{"line":22,"column":5}},"line":19}},"branchMap":{"0":{"loc":{"start":{"line":2,"column":16},"end":{"line":11,"column":4}},"type":"binary-expr","locations":[{"start":{"line":2,"column":17},"end":{"line":2,"column":21}},{"start":{"line":2,"column":25},"end":{"line":2,"column":39}},{"start":{"line":2,"column":44},"end":{"line":11,"column":4}}],"line":2},"1":{"loc":{"start":{"line":3,"column":24},"end":{"line":5,"column":82}},"type":"binary-expr","locations":[{"start":{"line":3,"column":24},"end":{"line":3,"column":45}},{"start":{"line":4,"column":9},"end":{"line":4,"column":43}},{"start":{"line":4,"column":47},"end":{"line":4,"column":83}},{"start":{"line":5,"column":8},"end":{"line":5,"column":82}}],"line":3},"2":{"loc":{"start":{"line":5,"column":43},"end":{"line":5,"column":80}},"type":"if","locations":[{"start":{"line":5,"column":43},"end":{"line":5,"column":80}},{"start":{"line":5,"column":43},"end":{"line":5,"column":80}}],"line":5},"3":{"loc":{"start":{"line":9,"column":22},"end":{"line":9,"column":92}},"type":"cond-expr","locations":[{"start":{"line":9,"column":35},"end":{"line":9,"column":51}},{"start":{"line":9,"column":55},"end":{"line":9,"column":91}}],"line":9},"4":{"loc":{"start":{"line":20,"column":8},"end":{"line":20,"column":49}},"type":"if","locations":[{"start":{"line":20,"column":8},"end":{"line":20,"column":49}},{"start":{"line":20,"column":8},"end":{"line":20,"column":49}}],"line":20},"5":{"loc":{"start":{"line":21,"column":15},"end":{"line":21,"column":54}},"type":"binary-expr","locations":[{"start":{"line":21,"column":15},"end":{"line":21,"column":46}},{"start":{"line":21,"column":50},"end":{"line":21,"column":54}}],"line":21}},"s":{"0":1,"1":1,"2":0,"3":0,"4":0,"5":0,"6":1,"7":1,"8":1,"9":1,"10":1,"11":1,"12":1,"13":1,"14":0,"15":0,"16":0,"17":1,"18":1},"f":{"0":1,"1":0,"2":0,"3":1,"4":1,"5":1,"6":0},"b":{"0":[1,1,1],"1":[1,0,0,0],"2":[0,0],"3":[0,1],"4":[0,0],"5":[0,0]},"_coverageSchema":"d34fc3e6b8297bcde183f5492bcb8fcb36775295","hash":"a9719373537b62bf9326e4f0917647340de12baa","contentHash":"a0232e78dc22cd168aa52fbe6ddce602_12.0.2"}}